#
# There is insufficient memory for the Java Runtime Environment to continue.
# Native memory allocation (mmap) failed to map 163577856 bytes for Failed to commit area from 0x0000000095600000 to 0x000000009f200000 of length 163577856.
# Possible reasons:
#   The system is out of physical RAM or swap space
#   The process is running with CompressedOops enabled, and the Java Heap may be blocking the growth of the native heap
# Possible solutions:
#   Reduce memory load on the system
#   Increase physical memory or swap space
#   Check if swap backing store is full
#   Decrease Java heap size (-Xmx/-Xms)
#   Decrease number of Java threads
#   Decrease Java thread stack sizes (-Xss)
#   Set larger code cache with -XX:ReservedCodeCacheSize=
#   JVM is running with Unscaled Compressed Oops mode in which the Java heap is
#     placed in the first 4GB address space. The Java Heap base address is the
#     maximum limit for the native heap growth. Please use -XX:HeapBaseMinAddress
#     to set the Java Heap base and to place the Java Heap above 4GB virtual address.
# This output file may be truncated or incomplete.
#
#  Out of Memory Error (./src/hotspot/os/windows/os_windows.cpp:3301), pid=2400, tid=20464
#
# JRE version: OpenJDK Runtime Environment (11.0.10) (build 11.0.10+0-b96-7249189)
# Java VM: OpenJDK 64-Bit Server VM (11.0.10+0-b96-7249189, mixed mode, tiered, compressed oops, g1 gc, windows-amd64)
# No core dump will be written. Minidumps are not enabled by default on client versions of Windows
#

---------------  S U M M A R Y ------------

Command Line: --add-opens=java.base/java.util=ALL-UNNAMED --add-opens=java.base/java.lang=ALL-UNNAMED --add-opens=java.base/java.lang.invoke=ALL-UNNAMED --add-opens=java.base/java.util=ALL-UNNAMED --add-opens=java.prefs/java.util.prefs=ALL-UNNAMED --add-opens=java.prefs/java.util.prefs=ALL-UNNAMED --add-opens=java.base/java.nio.charset=ALL-UNNAMED --add-opens=java.base/java.net=ALL-UNNAMED --add-opens=java.base/java.util.concurrent.atomic=ALL-UNNAMED -Xmx2048m -Dfile.encoding=UTF-8 -Duser.country=IN -Duser.language=en -Duser.variant org.gradle.launcher.daemon.bootstrap.GradleDaemon 7.0.2

Host: AMD Ryzen 3 3250U with Radeon Graphics         , 4 cores, 3G,  Windows 10 , 64 bit Build 19041 (10.0.19041.1566)
Time: Sat Apr  9 07:46:56 2022 India Standard Time elapsed time: 123.102575 seconds (0d 0h 2m 3s)

---------------  T H R E A D  ---------------

Current thread (0x000001bd32012000):  VMThread "VM Thread" [stack: 0x0000007cff500000,0x0000007cff600000] [id=20464]

Stack: [0x0000007cff500000,0x0000007cff600000]
[error occurred during error reporting (printing stack bounds), id 0xc0000005, EXCEPTION_ACCESS_VIOLATION (0xc0000005) at pc=0x000001bd1b000f2d]

Native frames: (J=compiled Java code, j=interpreted, Vv=VM code, C=native code)
V  [jvm.dll+0x5ecfaa]
V  [jvm.dll+0x722bd5]
V  [jvm.dll+0x72412d]
V  [jvm.dll+0x724745]
V  [jvm.dll+0x7246fb]
V  [jvm.dll+0x5ec348]
V  [jvm.dll+0x5ecad8]
C  [ntdll.dll+0xa20cf]
C  [ntdll.dll+0x51454]
C  [ntdll.dll+0xa0bfe]
C  0x000001bd1b000f2d

VM_Operation (0x0000007c81ff8cb0): G1CollectForAllocation, mode: safepoint, requested by thread 0x000001bd362a1000


---------------  P R O C E S S  ---------------

Threads class SMR info:
_java_thread_list=0x000001bd3cfa53b0, length=51, elements={
0x000001bd15d0c000, 0x000001bd32017000, 0x000001bd32019000, 0x000001bd32074800,
0x000001bd32076000, 0x000001bd32078800, 0x000001bd3207d000, 0x000001bd32082800,
0x000001bd32089800, 0x000001bd322f4800, 0x000001bd33791800, 0x000001bd335a6800,
0x000001bd33aae000, 0x000001bd3418d000, 0x000001bd33561800, 0x000001bd335f6000,
0x000001bd33ac4800, 0x000001bd33496800, 0x000001bd32fd2000, 0x000001bd32fd4800,
0x000001bd32fd2800, 0x000001bd32fd1000, 0x000001bd32fd3800, 0x000001bd32fd5000,
0x000001bd32fd6000, 0x000001bd32fd0800, 0x000001bd32fd7000, 0x000001bd3629b000,
0x000001bd36297000, 0x000001bd36296800, 0x000001bd36295800, 0x000001bd3629c000,
0x000001bd3629d800, 0x000001bd3629a800, 0x000001bd3629d000, 0x000001bd36299000,
0x000001bd362a2000, 0x000001bd362a1000, 0x000001bd362a2800, 0x000001bd3629e800,
0x000001bd3629f800, 0x000001bd362a3800, 0x000001bd362a0000, 0x000001bd38861000,
0x000001bd38861800, 0x000001bd38863000, 0x000001bd38862800, 0x000001bd38864000,
0x000001bd3885e800, 0x000001bd38868000, 0x000001bd38869000
}

Java Threads: ( => current thread )
  0x000001bd15d0c000 JavaThread "main" [_thread_blocked, id=9596, stack(0x0000007cfef00000,0x0000007cff000000)]
  0x000001bd32017000 JavaThread "Reference Handler" daemon [_thread_blocked, id=19260, stack(0x0000007cff600000,0x0000007cff700000)]
  0x000001bd32019000 JavaThread "Finalizer" daemon [_thread_blocked, id=11272, stack(0x0000007cff700000,0x0000007cff800000)]
  0x000001bd32074800 JavaThread "Signal Dispatcher" daemon [_thread_blocked, id=23520, stack(0x0000007cff800000,0x0000007cff900000)]
  0x000001bd32076000 JavaThread "Attach Listener" daemon [_thread_blocked, id=17052, stack(0x0000007cff900000,0x0000007cffa00000)]
  0x000001bd32078800 JavaThread "Service Thread" daemon [_thread_blocked, id=13392, stack(0x0000007cffa00000,0x0000007cffb00000)]
  0x000001bd3207d000 JavaThread "C2 CompilerThread0" daemon [_thread_in_native, id=21036, stack(0x0000007cffb00000,0x0000007cffc00000)]
  0x000001bd32082800 JavaThread "C1 CompilerThread0" daemon [_thread_blocked, id=16932, stack(0x0000007cffc00000,0x0000007cffd00000)]
  0x000001bd32089800 JavaThread "Sweeper thread" daemon [_thread_blocked, id=18312, stack(0x0000007cffd00000,0x0000007cffe00000)]
  0x000001bd322f4800 JavaThread "Common-Cleaner" daemon [_thread_blocked, id=22748, stack(0x0000007cffe00000,0x0000007cfff00000)]
  0x000001bd33791800 JavaThread "Daemon health stats" [_thread_blocked, id=17492, stack(0x0000007c80100000,0x0000007c80200000)]
  0x000001bd335a6800 JavaThread "Incoming local TCP Connector on port 50450" [_thread_in_native, id=13156, stack(0x0000007c80200000,0x0000007c80300000)]
  0x000001bd33aae000 JavaThread "Daemon periodic checks" [_thread_blocked, id=15908, stack(0x0000007c80300000,0x0000007c80400000)]
  0x000001bd3418d000 JavaThread "Daemon" [_thread_blocked, id=16956, stack(0x0000007c80400000,0x0000007c80500000)]
  0x000001bd33561800 JavaThread "Handler for socket connection from /127.0.0.1:50450 to /127.0.0.1:50451" [_thread_in_native, id=20708, stack(0x0000007c80500000,0x0000007c80600000)]
  0x000001bd335f6000 JavaThread "Cancel handler" [_thread_blocked, id=11504, stack(0x0000007c80600000,0x0000007c80700000)]
  0x000001bd33ac4800 JavaThread "Daemon worker" [_thread_blocked, id=8968, stack(0x0000007c80700000,0x0000007c80800000)]
  0x000001bd33496800 JavaThread "Asynchronous log dispatcher for DefaultDaemonConnection: socket connection from /127.0.0.1:50450 to /127.0.0.1:50451" [_thread_blocked, id=15400, stack(0x0000007c80800000,0x0000007c80900000)]
  0x000001bd32fd2000 JavaThread "Daemon client event forwarder" [_thread_blocked, id=9192, stack(0x0000007c80c00000,0x0000007c80d00000)]
  0x000001bd32fd4800 JavaThread "Cache worker for file hash cache (C:\Users\DELL\.gradle\caches\7.0.2\fileHashes)" [_thread_blocked, id=20004, stack(0x0000007c80d00000,0x0000007c80e00000)]
  0x000001bd32fd2800 JavaThread "File lock request listener" [_thread_in_native, id=8972, stack(0x0000007c80e00000,0x0000007c80f00000)]
  0x000001bd32fd1000 JavaThread "Cache worker for journal cache (C:\Users\DELL\.gradle\caches\journal-1)" [_thread_blocked, id=5524, stack(0x0000007c80f00000,0x0000007c81000000)]
  0x000001bd32fd3800 JavaThread "Cache worker for file hash cache (C:\Users\DELL\MyApplication\.gradle\7.0.2\fileHashes)" [_thread_blocked, id=13992, stack(0x0000007c81000000,0x0000007c81100000)]
  0x000001bd32fd5000 JavaThread "File watcher server" daemon [_thread_blocked, id=19016, stack(0x0000007c81100000,0x0000007c81200000)]
  0x000001bd32fd6000 JavaThread "File watcher consumer" daemon [_thread_blocked, id=15324, stack(0x0000007c81200000,0x0000007c81300000)]
  0x000001bd32fd0800 JavaThread "Cache worker for checksums cache (C:\Users\DELL\MyApplication\.gradle\checksums)" [_thread_blocked, id=8216, stack(0x0000007c81300000,0x0000007c81400000)]
  0x000001bd32fd7000 JavaThread "Cache worker for cache directory md-supplier (C:\Users\DELL\.gradle\caches\7.0.2\md-supplier)" [_thread_blocked, id=3996, stack(0x0000007c81400000,0x0000007c81500000)]
  0x000001bd3629b000 JavaThread "Cache worker for cache directory md-rule (C:\Users\DELL\.gradle\caches\7.0.2\md-rule)" [_thread_blocked, id=11896, stack(0x0000007c81500000,0x0000007c81600000)]
  0x000001bd36297000 JavaThread "Cache worker for execution history cache (C:\Users\DELL\.gradle\caches\7.0.2\executionHistory)" [_thread_blocked, id=11176, stack(0x0000007c81600000,0x0000007c81700000)]
  0x000001bd36296800 JavaThread "jar transforms" [_thread_blocked, id=16892, stack(0x0000007c81700000,0x0000007c81800000)]
  0x000001bd36295800 JavaThread "jar transforms Thread 2" [_thread_blocked, id=13476, stack(0x0000007c81800000,0x0000007c81900000)]
  0x000001bd3629c000 JavaThread "Cache worker for file content cache (C:\Users\DELL\.gradle\caches\7.0.2\fileContent)" [_thread_blocked, id=14036, stack(0x0000007c81900000,0x0000007c81a00000)]
  0x000001bd3629d800 JavaThread "Cache worker for dependencies-accessors (C:\Users\DELL\MyApplication\.gradle\7.0.2\dependencies-accessors)" [_thread_blocked, id=16056, stack(0x0000007c81a00000,0x0000007c81b00000)]
  0x000001bd3629a800 JavaThread "jar transforms Thread 3" [_thread_blocked, id=20812, stack(0x0000007c81b00000,0x0000007c81c00000)]
  0x000001bd3629d000 JavaThread "Cache worker for Build Output Cleanup Cache (C:\Users\DELL\MyApplication\.gradle\buildOutputCleanup)" [_thread_blocked, id=22720, stack(0x0000007c81c00000,0x0000007c81d00000)]
  0x000001bd36299000 JavaThread "Build operations" [_thread_blocked, id=8800, stack(0x0000007c81d00000,0x0000007c81e00000)]
  0x000001bd362a2000 JavaThread "Build operations Thread 2" [_thread_blocked, id=7004, stack(0x0000007c81e00000,0x0000007c81f00000)]
  0x000001bd362a1000 JavaThread "Build operations Thread 3" [_thread_blocked, id=1128, stack(0x0000007c81f00000,0x0000007c82000000)]
  0x000001bd362a2800 JavaThread "Build operations Thread 4" [_thread_blocked, id=1848, stack(0x0000007c82000000,0x0000007c82100000)]
  0x000001bd3629e800 JavaThread "jar transforms Thread 4" [_thread_blocked, id=15860, stack(0x0000007c82100000,0x0000007c82200000)]
  0x000001bd3629f800 JavaThread "Memory manager" [_thread_blocked, id=23104, stack(0x0000007c82200000,0x0000007c82300000)]
  0x000001bd362a3800 JavaThread "build event listener" [_thread_blocked, id=10112, stack(0x0000007c82500000,0x0000007c82600000)]
  0x000001bd362a0000 JavaThread "build event listener" [_thread_blocked, id=10848, stack(0x0000007c82600000,0x0000007c82700000)]
  0x000001bd38861000 JavaThread "pool-3-thread-1" [_thread_blocked, id=4076, stack(0x0000007c82700000,0x0000007c82800000)]
  0x000001bd38861800 JavaThread "build event listener" [_thread_blocked, id=17292, stack(0x0000007c82800000,0x0000007c82900000)]
  0x000001bd38863000 JavaThread "Execution worker for ':'" [_thread_blocked, id=20156, stack(0x0000007c82900000,0x0000007c82a00000)]
  0x000001bd38862800 JavaThread "Execution worker for ':' Thread 2" [_thread_blocked, id=17784, stack(0x0000007c82a00000,0x0000007c82b00000)]
  0x000001bd38864000 JavaThread "Execution worker for ':' Thread 3" [_thread_blocked, id=22900, stack(0x0000007c82b00000,0x0000007c82c00000)]
  0x000001bd3885e800 JavaThread "Cache worker for execution history cache (C:\Users\DELL\MyApplication\.gradle\7.0.2\executionHistory)" [_thread_blocked, id=15916, stack(0x0000007c82c00000,0x0000007c82d00000)]
  0x000001bd38868000 JavaThread "WorkerExecutor Queue Thread 3" [_thread_blocked, id=9676, stack(0x0000007c82e00000,0x0000007c82f00000)]
  0x000001bd38869000 JavaThread "WorkerExecutor Queue Thread 4" [_thread_blocked, id=6164, stack(0x0000007c82f00000,0x0000007c83000000)]

Other Threads:
=>0x000001bd32012000 VMThread "VM Thread" [stack: 0x0000007cff500000,0x0000007cff600000] [id=20464]
  0x000001bd32343000 WatcherThread [stack: 0x0000007cfff00000,0x0000007d00000000] [id=22884]
  0x000001bd15d26800 GCTaskThread "GC Thread#0" [stack: 0x0000007cff000000,0x0000007cff100000] [id=22632]
  0x000001bd32bea000 GCTaskThread "GC Thread#1" [stack: 0x0000007c80000000,0x0000007c80100000] [id=9720]
  0x000001bd32fdb000 GCTaskThread "GC Thread#2" [stack: 0x0000007c80a00000,0x0000007c80b00000] [id=2796]
  0x000001bd33192000 GCTaskThread "GC Thread#3" [stack: 0x0000007c80b00000,0x0000007c80c00000] [id=11636]
  0x000001bd15d55800 ConcurrentGCThread "G1 Main Marker" [stack: 0x0000007cff100000,0x0000007cff200000] [id=20044]
  0x000001bd15d57000 ConcurrentGCThread "G1 Conc#0" [stack: 0x0000007cff200000,0x0000007cff300000] [id=23200]
  0x000001bd15d9e800 ConcurrentGCThread "G1 Refine#0" [stack: 0x0000007cff300000,0x0000007cff400000] [id=13636]
  0x000001bd3d4f6000 ConcurrentGCThread "G1 Refine#1" [stack: 0x0000007c80900000,0x0000007c80a00000] [id=11160]
  0x000001bd15d9f800 ConcurrentGCThread "G1 Young RemSet Sampling" [stack: 0x0000007cff400000,0x0000007cff500000] [id=16164]

Threads with active compile tasks:
C2 CompilerThread0 123140 19050       4       com.android.tools.r8.internal.Tr::a (282 bytes)

VM state:at safepoint (normal execution)

VM Mutex/Monitor currently owned by a thread:  ([mutex/lock_event])
[0x000001bd15d080b0] Threads_lock - owner thread: 0x000001bd32012000
[0x000001bd15d08c80] Heap_lock - owner thread: 0x000001bd362a1000

Heap address: 0x0000000080000000, size: 2048 MB, Compressed Oops mode: 32-bit
Narrow klass base: 0x0000000000000000, Narrow klass shift: 3
Compressed class space size: 1073741824 Address: 0x0000000100000000

Heap:
 garbage-first heap   total 509952K, used 143711K [0x0000000080000000, 0x0000000100000000)
  region size 1024K, 2 young (2048K), 2 survivors (2048K)
 Metaspace       used 116034K, capacity 118884K, committed 119168K, reserved 1153024K
  class space    used 14479K, capacity 15572K, committed 15744K, reserved 1048576K
Heap Regions: E=young(eden), S=young(survivor), O=old, HS=humongous(starts), HC=humongous(continues), CS=collection set, F=free, A=archive, TAMS=top-at-mark-start (previous, next)
|   0|0x0000000080000000, 0x0000000080100000, 0x0000000080100000|100%| O|  |TAMS 0x0000000080100000, 0x0000000080000000| Complete 
|   1|0x0000000080100000, 0x0000000080200000, 0x0000000080200000|100%| O|  |TAMS 0x0000000080200000, 0x0000000080100000| Untracked 
|   2|0x0000000080200000, 0x0000000080300000, 0x0000000080300000|100%| O|  |TAMS 0x0000000080300000, 0x0000000080200000| Untracked 
|   3|0x0000000080300000, 0x0000000080400000, 0x0000000080400000|100%|HS|  |TAMS 0x0000000080400000, 0x0000000080300000| Complete 
|   4|0x0000000080400000, 0x0000000080500000, 0x0000000080500000|100%|HC|  |TAMS 0x0000000080500000, 0x0000000080400000| Complete 
|   5|0x0000000080500000, 0x0000000080600000, 0x0000000080600000|100%|HC|  |TAMS 0x0000000080600000, 0x0000000080500000| Complete 
|   6|0x0000000080600000, 0x0000000080700000, 0x0000000080700000|100%| O|  |TAMS 0x0000000080700000, 0x0000000080600000| Untracked 
|   7|0x0000000080700000, 0x0000000080800000, 0x0000000080800000|100%| O|  |TAMS 0x0000000080800000, 0x0000000080700000| Untracked 
|   8|0x0000000080800000, 0x0000000080900000, 0x0000000080900000|100%| O|  |TAMS 0x0000000080900000, 0x0000000080800000| Untracked 
|   9|0x0000000080900000, 0x0000000080a00000, 0x0000000080a00000|100%| O|  |TAMS 0x0000000080a00000, 0x0000000080900000| Untracked 
|  10|0x0000000080a00000, 0x0000000080b00000, 0x0000000080b00000|100%| O|  |TAMS 0x0000000080b00000, 0x0000000080a00000| Complete 
|  11|0x0000000080b00000, 0x0000000080c00000, 0x0000000080c00000|100%| O|  |TAMS 0x0000000080c00000, 0x0000000080b00000| Untracked 
|  12|0x0000000080c00000, 0x0000000080d00000, 0x0000000080d00000|100%| O|  |TAMS 0x0000000080d00000, 0x0000000080c00000| Untracked 
|  13|0x0000000080d00000, 0x0000000080e00000, 0x0000000080e00000|100%| O|  |TAMS 0x0000000080e00000, 0x0000000080d00000| Untracked 
|  14|0x0000000080e00000, 0x0000000080f00000, 0x0000000080f00000|100%| O|  |TAMS 0x0000000080f00000, 0x0000000080e00000| Untracked 
|  15|0x0000000080f00000, 0x0000000081000000, 0x0000000081000000|100%| O|  |TAMS 0x0000000081000000, 0x0000000080f00000| Untracked 
|  16|0x0000000081000000, 0x0000000081100000, 0x0000000081100000|100%| O|  |TAMS 0x0000000081100000, 0x0000000081000000| Untracked 
|  17|0x0000000081100000, 0x0000000081200000, 0x0000000081200000|100%| O|  |TAMS 0x0000000081200000, 0x0000000081100000| Untracked 
|  18|0x0000000081200000, 0x0000000081300000, 0x0000000081300000|100%| O|  |TAMS 0x0000000081300000, 0x0000000081200000| Untracked 
|  19|0x0000000081300000, 0x0000000081400000, 0x0000000081400000|100%| O|  |TAMS 0x0000000081400000, 0x0000000081300000| Untracked 
|  20|0x0000000081400000, 0x0000000081500000, 0x0000000081500000|100%| O|  |TAMS 0x0000000081500000, 0x0000000081400000| Untracked 
|  21|0x0000000081500000, 0x0000000081600000, 0x0000000081600000|100%| O|  |TAMS 0x0000000081600000, 0x0000000081500000| Untracked 
|  22|0x0000000081600000, 0x0000000081700000, 0x0000000081700000|100%| O|  |TAMS 0x0000000081700000, 0x0000000081600000| Complete 
|  23|0x0000000081700000, 0x0000000081800000, 0x0000000081800000|100%| O|  |TAMS 0x0000000081800000, 0x0000000081700000| Untracked 
|  24|0x0000000081800000, 0x0000000081900000, 0x0000000081900000|100%| O|  |TAMS 0x0000000081900000, 0x0000000081800000| Untracked 
|  25|0x0000000081900000, 0x0000000081a00000, 0x0000000081a00000|100%| O|  |TAMS 0x0000000081a00000, 0x0000000081900000| Untracked 
|  26|0x0000000081a00000, 0x0000000081b00000, 0x0000000081b00000|100%| O|  |TAMS 0x0000000081b00000, 0x0000000081a00000| Untracked 
|  27|0x0000000081b00000, 0x0000000081c00000, 0x0000000081c00000|100%| O|  |TAMS 0x0000000081c00000, 0x0000000081b00000| Untracked 
|  28|0x0000000081c00000, 0x0000000081d00000, 0x0000000081d00000|100%| O|  |TAMS 0x0000000081d00000, 0x0000000081c00000| Complete 
|  29|0x0000000081d00000, 0x0000000081e00000, 0x0000000081e00000|100%| O|  |TAMS 0x0000000081e00000, 0x0000000081d00000| Untracked 
|  30|0x0000000081e00000, 0x0000000081f00000, 0x0000000081f00000|100%| O|  |TAMS 0x0000000081f00000, 0x0000000081e00000| Untracked 
|  31|0x0000000081f00000, 0x0000000082000000, 0x0000000082000000|100%| O|  |TAMS 0x0000000082000000, 0x0000000081f00000| Untracked 
|  32|0x0000000082000000, 0x0000000082100000, 0x0000000082100000|100%|HS|  |TAMS 0x0000000082100000, 0x0000000082000000| Complete 
|  33|0x0000000082100000, 0x0000000082200000, 0x0000000082200000|100%|HS|  |TAMS 0x0000000082200000, 0x0000000082100000| Complete 
|  34|0x0000000082200000, 0x0000000082300000, 0x0000000082300000|100%|HS|  |TAMS 0x0000000082300000, 0x0000000082200000| Complete 
|  35|0x0000000082300000, 0x0000000082400000, 0x0000000082400000|100%| O|  |TAMS 0x0000000082400000, 0x0000000082300000| Untracked 
|  36|0x0000000082400000, 0x0000000082500000, 0x0000000082500000|100%|HS|  |TAMS 0x0000000082500000, 0x0000000082400000| Complete 
|  37|0x0000000082500000, 0x0000000082600000, 0x0000000082600000|100%|HC|  |TAMS 0x0000000082600000, 0x0000000082500000| Complete 
|  38|0x0000000082600000, 0x0000000082700000, 0x0000000082700000|100%|HC|  |TAMS 0x0000000082700000, 0x0000000082600000| Complete 
|  39|0x0000000082700000, 0x0000000082800000, 0x0000000082800000|100%| O|  |TAMS 0x0000000082800000, 0x0000000082700000| Untracked 
|  40|0x0000000082800000, 0x0000000082900000, 0x0000000082900000|100%| O|  |TAMS 0x0000000082900000, 0x0000000082800000| Untracked 
|  41|0x0000000082900000, 0x0000000082a00000, 0x0000000082a00000|100%| O|  |TAMS 0x0000000082a00000, 0x0000000082900000| Untracked 
|  42|0x0000000082a00000, 0x0000000082b00000, 0x0000000082b00000|100%|HS|  |TAMS 0x0000000082b00000, 0x0000000082a00000| Complete 
|  43|0x0000000082b00000, 0x0000000082c00000, 0x0000000082c00000|100%|HC|  |TAMS 0x0000000082c00000, 0x0000000082b00000| Complete 
|  44|0x0000000082c00000, 0x0000000082d00000, 0x0000000082d00000|100%| O|  |TAMS 0x0000000082d00000, 0x0000000082c00000| Untracked 
|  45|0x0000000082d00000, 0x0000000082e00000, 0x0000000082e00000|100%| O|  |TAMS 0x0000000082e00000, 0x0000000082d00000| Untracked 
|  46|0x0000000082e00000, 0x0000000082f00000, 0x0000000082f00000|100%| O|  |TAMS 0x0000000082f00000, 0x0000000082e00000| Untracked 
|  47|0x0000000082f00000, 0x0000000083000000, 0x0000000083000000|100%| O|  |TAMS 0x0000000083000000, 0x0000000082f00000| Untracked 
|  48|0x0000000083000000, 0x0000000083100000, 0x0000000083100000|100%| O|  |TAMS 0x0000000083100000, 0x0000000083000000| Untracked 
|  49|0x0000000083100000, 0x0000000083200000, 0x0000000083200000|100%| O|  |TAMS 0x0000000083200000, 0x0000000083100000| Untracked 
|  50|0x0000000083200000, 0x0000000083300000, 0x0000000083300000|100%| O|  |TAMS 0x0000000083300000, 0x0000000083200000| Complete 
|  51|0x0000000083300000, 0x0000000083400000, 0x0000000083400000|100%| O|  |TAMS 0x0000000083400000, 0x0000000083300000| Complete 
|  52|0x0000000083400000, 0x0000000083500000, 0x0000000083500000|100%| O|  |TAMS 0x0000000083500000, 0x0000000083400000| Untracked 
|  53|0x0000000083500000, 0x0000000083600000, 0x0000000083600000|100%| O|  |TAMS 0x0000000083600000, 0x0000000083500000| Untracked 
|  54|0x0000000083600000, 0x0000000083700000, 0x0000000083700000|100%| O|  |TAMS 0x0000000083700000, 0x0000000083600000| Untracked 
|  55|0x0000000083700000, 0x0000000083800000, 0x0000000083800000|100%| O|  |TAMS 0x0000000083800000, 0x0000000083700000| Untracked 
|  56|0x0000000083800000, 0x0000000083900000, 0x0000000083900000|100%| O|  |TAMS 0x0000000083900000, 0x0000000083800000| Untracked 
|  57|0x0000000083900000, 0x0000000083a00000, 0x0000000083a00000|100%| O|  |TAMS 0x0000000083a00000, 0x0000000083900000| Complete 
|  58|0x0000000083a00000, 0x0000000083b00000, 0x0000000083b00000|100%| O|  |TAMS 0x0000000083b00000, 0x0000000083a00000| Untracked 
|  59|0x0000000083b00000, 0x0000000083c00000, 0x0000000083c00000|100%| O|  |TAMS 0x0000000083c00000, 0x0000000083b00000| Complete 
|  60|0x0000000083c00000, 0x0000000083d00000, 0x0000000083d00000|100%| O|  |TAMS 0x0000000083d00000, 0x0000000083c00000| Untracked 
|  61|0x0000000083d00000, 0x0000000083e00000, 0x0000000083e00000|100%| O|  |TAMS 0x0000000083e00000, 0x0000000083d00000| Untracked 
|  62|0x0000000083e00000, 0x0000000083f00000, 0x0000000083f00000|100%| O|  |TAMS 0x0000000083f00000, 0x0000000083e00000| Untracked 
|  63|0x0000000083f00000, 0x0000000084000000, 0x0000000084000000|100%| O|  |TAMS 0x0000000084000000, 0x0000000083f00000| Untracked 
|  64|0x0000000084000000, 0x0000000084100000, 0x0000000084100000|100%| O|  |TAMS 0x0000000084100000, 0x0000000084000000| Complete 
|  65|0x0000000084100000, 0x0000000084200000, 0x0000000084200000|100%| O|  |TAMS 0x0000000084200000, 0x0000000084100000| Untracked 
|  66|0x0000000084200000, 0x0000000084300000, 0x0000000084300000|100%| O|  |TAMS 0x0000000084300000, 0x0000000084200000| Untracked 
|  67|0x0000000084300000, 0x0000000084400000, 0x0000000084400000|100%| O|  |TAMS 0x0000000084400000, 0x0000000084300000| Untracked 
|  68|0x0000000084400000, 0x0000000084500000, 0x0000000084500000|100%| O|  |TAMS 0x0000000084500000, 0x0000000084400000| Untracked 
|  69|0x0000000084500000, 0x0000000084600000, 0x0000000084600000|100%| O|  |TAMS 0x0000000084600000, 0x0000000084500000| Untracked 
|  70|0x0000000084600000, 0x0000000084700000, 0x0000000084700000|100%| O|  |TAMS 0x0000000084700000, 0x0000000084600000| Complete 
|  71|0x0000000084700000, 0x0000000084800000, 0x0000000084800000|100%| O|  |TAMS 0x0000000084800000, 0x0000000084700000| Untracked 
|  72|0x0000000084800000, 0x0000000084900000, 0x0000000084900000|100%| O|  |TAMS 0x0000000084900000, 0x0000000084800000| Untracked 
|  73|0x0000000084900000, 0x0000000084a00000, 0x0000000084a00000|100%| O|  |TAMS 0x0000000084a00000, 0x0000000084900000| Complete 
|  74|0x0000000084a00000, 0x0000000084b00000, 0x0000000084b00000|100%| O|  |TAMS 0x0000000084b00000, 0x0000000084a00000| Complete 
|  75|0x0000000084b00000, 0x0000000084c00000, 0x0000000084c00000|100%| O|  |TAMS 0x0000000084c00000, 0x0000000084b00000| Untracked 
|  76|0x0000000084c00000, 0x0000000084d00000, 0x0000000084d00000|100%| O|  |TAMS 0x0000000084d00000, 0x0000000084c00000| Untracked 
|  77|0x0000000084d00000, 0x0000000084e00000, 0x0000000084e00000|100%| O|  |TAMS 0x0000000084e00000, 0x0000000084d00000| Untracked 
|  78|0x0000000084e00000, 0x0000000084e00000, 0x0000000084f00000|  0%| F|  |TAMS 0x0000000084e00000, 0x0000000084e00000| Untracked 
|  79|0x0000000084f00000, 0x0000000085000000, 0x0000000085000000|100%| O|  |TAMS 0x0000000085000000, 0x0000000084f00000| Complete 
|  80|0x0000000085000000, 0x0000000085100000, 0x0000000085100000|100%| O|  |TAMS 0x0000000085100000, 0x0000000085000000| Untracked 
|  81|0x0000000085100000, 0x0000000085200000, 0x0000000085200000|100%| O|  |TAMS 0x0000000085200000, 0x0000000085100000| Untracked 
|  82|0x0000000085200000, 0x0000000085300000, 0x0000000085300000|100%| O|  |TAMS 0x0000000085300000, 0x0000000085200000| Complete 
|  83|0x0000000085300000, 0x0000000085400000, 0x0000000085400000|100%| O|  |TAMS 0x0000000085400000, 0x0000000085300000| Untracked 
|  84|0x0000000085400000, 0x0000000085500000, 0x0000000085500000|100%| O|  |TAMS 0x0000000085500000, 0x0000000085400000| Complete 
|  85|0x0000000085500000, 0x0000000085600000, 0x0000000085600000|100%| O|  |TAMS 0x0000000085600000, 0x0000000085500000| Untracked 
|  86|0x0000000085600000, 0x0000000085700000, 0x0000000085700000|100%| O|  |TAMS 0x0000000085700000, 0x0000000085600000| Untracked 
|  87|0x0000000085700000, 0x0000000085800000, 0x0000000085800000|100%| O|  |TAMS 0x0000000085800000, 0x0000000085700000| Complete 
|  88|0x0000000085800000, 0x0000000085900000, 0x0000000085900000|100%| O|  |TAMS 0x0000000085900000, 0x0000000085800000| Untracked 
|  89|0x0000000085900000, 0x0000000085a00000, 0x0000000085a00000|100%| O|  |TAMS 0x0000000085a00000, 0x0000000085900000| Untracked 
|  90|0x0000000085a00000, 0x0000000085b00000, 0x0000000085b00000|100%| O|  |TAMS 0x0000000085b00000, 0x0000000085a00000| Untracked 
|  91|0x0000000085b00000, 0x0000000085c00000, 0x0000000085c00000|100%| O|  |TAMS 0x0000000085c00000, 0x0000000085b00000| Untracked 
|  92|0x0000000085c00000, 0x0000000085c00000, 0x0000000085d00000|  0%| F|  |TAMS 0x0000000085c00000, 0x0000000085c00000| Untracked 
|  93|0x0000000085d00000, 0x0000000085e00000, 0x0000000085e00000|100%| O|  |TAMS 0x0000000085e00000, 0x0000000085d00000| Complete 
|  94|0x0000000085e00000, 0x0000000085f00000, 0x0000000085f00000|100%| O|  |TAMS 0x0000000085f00000, 0x0000000085e00000| Complete 
|  95|0x0000000085f00000, 0x0000000086000000, 0x0000000086000000|100%| O|  |TAMS 0x0000000086000000, 0x0000000085f00000| Untracked 
|  96|0x0000000086000000, 0x0000000086100000, 0x0000000086100000|100%| O|  |TAMS 0x0000000086100000, 0x0000000086000000| Untracked 
|  97|0x0000000086100000, 0x0000000086200000, 0x0000000086200000|100%| O|  |TAMS 0x0000000086200000, 0x0000000086100000| Untracked 
|  98|0x0000000086200000, 0x0000000086300000, 0x0000000086300000|100%| O|  |TAMS 0x0000000086300000, 0x0000000086200000| Untracked 
|  99|0x0000000086300000, 0x0000000086400000, 0x0000000086400000|100%| O|  |TAMS 0x0000000086400000, 0x0000000086300000| Complete 
| 100|0x0000000086400000, 0x0000000086500000, 0x0000000086500000|100%| O|  |TAMS 0x0000000086500000, 0x0000000086400000| Untracked 
| 101|0x0000000086500000, 0x0000000086600000, 0x0000000086600000|100%| O|  |TAMS 0x0000000086600000, 0x0000000086500000| Complete 
| 102|0x0000000086600000, 0x0000000086700000, 0x0000000086700000|100%| O|  |TAMS 0x0000000086700000, 0x0000000086600000| Untracked 
| 103|0x0000000086700000, 0x0000000086800000, 0x0000000086800000|100%| O|  |TAMS 0x0000000086800000, 0x0000000086700000| Untracked 
| 104|0x0000000086800000, 0x0000000086900000, 0x0000000086900000|100%| O|  |TAMS 0x0000000086900000, 0x0000000086800000| Untracked 
| 105|0x0000000086900000, 0x0000000086a00000, 0x0000000086a00000|100%| O|  |TAMS 0x0000000086a00000, 0x0000000086900000| Complete 
| 106|0x0000000086a00000, 0x0000000086b00000, 0x0000000086b00000|100%| O|  |TAMS 0x0000000086b00000, 0x0000000086a00000| Complete 
| 107|0x0000000086b00000, 0x0000000086c00000, 0x0000000086c00000|100%| O|  |TAMS 0x0000000086c00000, 0x0000000086b00000| Complete 
| 108|0x0000000086c00000, 0x0000000086d00000, 0x0000000086d00000|100%| O|  |TAMS 0x0000000086d00000, 0x0000000086c00000| Complete 
| 109|0x0000000086d00000, 0x0000000086e00000, 0x0000000086e00000|100%| O|  |TAMS 0x0000000086e00000, 0x0000000086d00000| Complete 
| 110|0x0000000086e00000, 0x0000000086f00000, 0x0000000086f00000|100%| O|  |TAMS 0x0000000086f00000, 0x0000000086e00000| Complete 
| 111|0x0000000086f00000, 0x0000000087000000, 0x0000000087000000|100%| O|  |TAMS 0x0000000087000000, 0x0000000086f00000| Complete 
| 112|0x0000000087000000, 0x0000000087000000, 0x0000000087100000|  0%| F|  |TAMS 0x0000000087000000, 0x0000000087000000| Untracked 
| 113|0x0000000087100000, 0x0000000087100000, 0x0000000087200000|  0%| F|  |TAMS 0x0000000087100000, 0x0000000087100000| Untracked 
| 114|0x0000000087200000, 0x0000000087300000, 0x0000000087300000|100%| O|  |TAMS 0x0000000087300000, 0x0000000087200000| Untracked 
| 115|0x0000000087300000, 0x0000000087400000, 0x0000000087400000|100%| O|  |TAMS 0x0000000087300000, 0x0000000087300000| Untracked 
| 116|0x0000000087400000, 0x0000000087400000, 0x0000000087500000|  0%| F|  |TAMS 0x0000000087400000, 0x0000000087400000| Untracked 
| 117|0x0000000087500000, 0x0000000087600000, 0x0000000087600000|100%| O|  |TAMS 0x0000000087600000, 0x0000000087500000| Complete 
| 118|0x0000000087600000, 0x0000000087700000, 0x0000000087700000|100%| O|  |TAMS 0x0000000087700000, 0x0000000087600000| Complete 
| 119|0x0000000087700000, 0x0000000087800000, 0x0000000087800000|100%| O|  |TAMS 0x0000000087800000, 0x0000000087700000| Complete 
| 120|0x0000000087800000, 0x0000000087900000, 0x0000000087900000|100%| O|  |TAMS 0x0000000087900000, 0x0000000087800000| Complete 
| 121|0x0000000087900000, 0x0000000087a00000, 0x0000000087a00000|100%| O|  |TAMS 0x0000000087a00000, 0x0000000087900000| Complete 
| 122|0x0000000087a00000, 0x0000000087b00000, 0x0000000087b00000|100%| O|  |TAMS 0x0000000087b00000, 0x0000000087a00000| Complete 
| 123|0x0000000087b00000, 0x0000000087c00000, 0x0000000087c00000|100%| O|  |TAMS 0x0000000087b47c00, 0x0000000087b00000| Untracked 
| 124|0x0000000087c00000, 0x0000000087d00000, 0x0000000087d00000|100%| O|  |TAMS 0x0000000087d00000, 0x0000000087c00000| Complete 
| 125|0x0000000087d00000, 0x0000000087e00000, 0x0000000087e00000|100%| O|  |TAMS 0x0000000087e00000, 0x0000000087d00000| Complete 
| 126|0x0000000087e00000, 0x0000000087e00000, 0x0000000087f00000|  0%| F|  |TAMS 0x0000000087e00000, 0x0000000087e00000| Untracked 
| 127|0x0000000087f00000, 0x0000000088000000, 0x0000000088000000|100%| O|  |TAMS 0x0000000087f00000, 0x0000000087f00000| Untracked 
| 128|0x0000000088000000, 0x0000000088100000, 0x0000000088100000|100%| O|  |TAMS 0x0000000088000000, 0x0000000088000000| Untracked 
| 129|0x0000000088100000, 0x0000000088200000, 0x0000000088200000|100%| O|  |TAMS 0x0000000088100000, 0x0000000088100000| Untracked 
| 130|0x0000000088200000, 0x0000000088300000, 0x0000000088300000|100%| O|  |TAMS 0x0000000088200000, 0x0000000088200000| Untracked 
| 131|0x0000000088300000, 0x0000000088400000, 0x0000000088400000|100%| O|  |TAMS 0x0000000088300000, 0x0000000088300000| Untracked 
| 132|0x0000000088400000, 0x0000000088500000, 0x0000000088500000|100%| O|  |TAMS 0x0000000088400000, 0x0000000088400000| Untracked 
| 133|0x0000000088500000, 0x0000000088500000, 0x0000000088600000|  0%| F|  |TAMS 0x0000000088500000, 0x0000000088500000| Untracked 
| 134|0x0000000088600000, 0x0000000088700000, 0x0000000088700000|100%| O|  |TAMS 0x0000000088600000, 0x0000000088600000| Untracked 
| 135|0x0000000088700000, 0x0000000088700000, 0x0000000088800000|  0%| F|  |TAMS 0x0000000088700000, 0x0000000088700000| Untracked 
| 136|0x0000000088800000, 0x0000000088900000, 0x0000000088900000|100%| O|  |TAMS 0x0000000088900000, 0x0000000088800000| Complete 
| 137|0x0000000088900000, 0x0000000088a00000, 0x0000000088a00000|100%| O|  |TAMS 0x0000000088900000, 0x0000000088900000| Untracked 
| 138|0x0000000088a00000, 0x0000000088a00000, 0x0000000088b00000|  0%| F|  |TAMS 0x0000000088a00000, 0x0000000088a00000| Untracked 
| 139|0x0000000088b00000, 0x0000000088b00000, 0x0000000088c00000|  0%| F|  |TAMS 0x0000000088b00000, 0x0000000088b00000| Untracked 
| 140|0x0000000088c00000, 0x0000000088c00000, 0x0000000088d00000|  0%| F|  |TAMS 0x0000000088c00000, 0x0000000088c00000| Untracked 
| 141|0x0000000088d00000, 0x0000000088da5a00, 0x0000000088e00000| 64%| O|  |TAMS 0x0000000088d00000, 0x0000000088d00000| Untracked 
| 142|0x0000000088e00000, 0x0000000088f00000, 0x0000000088f00000|100%| O|  |TAMS 0x0000000088f00000, 0x0000000088e00000| Complete 
| 143|0x0000000088f00000, 0x0000000088f00000, 0x0000000089000000|  0%| F|  |TAMS 0x0000000088f00000, 0x0000000088f00000| Untracked 
| 144|0x0000000089000000, 0x0000000089000000, 0x0000000089100000|  0%| F|  |TAMS 0x0000000089000000, 0x0000000089000000| Untracked 
| 145|0x0000000089100000, 0x0000000089100000, 0x0000000089200000|  0%| F|  |TAMS 0x0000000089100000, 0x0000000089100000| Untracked 
| 146|0x0000000089200000, 0x0000000089200000, 0x0000000089300000|  0%| F|  |TAMS 0x0000000089200000, 0x0000000089200000| Untracked 
| 147|0x0000000089300000, 0x0000000089300000, 0x0000000089400000|  0%| F|  |TAMS 0x0000000089300000, 0x0000000089300000| Untracked 
| 148|0x0000000089400000, 0x0000000089400000, 0x0000000089500000|  0%| F|  |TAMS 0x0000000089400000, 0x0000000089400000| Untracked 
| 149|0x0000000089500000, 0x0000000089600000, 0x0000000089600000|100%| O|  |TAMS 0x0000000089600000, 0x0000000089500000| Complete 
| 150|0x0000000089600000, 0x0000000089700000, 0x0000000089700000|100%| O|  |TAMS 0x0000000089700000, 0x0000000089600000| Complete 
| 151|0x0000000089700000, 0x0000000089800000, 0x0000000089800000|100%| O|  |TAMS 0x0000000089800000, 0x0000000089700000| Complete 
| 152|0x0000000089800000, 0x0000000089900000, 0x0000000089900000|100%| O|  |TAMS 0x0000000089900000, 0x0000000089800000| Complete 
| 153|0x0000000089900000, 0x0000000089a00000, 0x0000000089a00000|100%| O|  |TAMS 0x0000000089a00000, 0x0000000089900000| Complete 
| 154|0x0000000089a00000, 0x0000000089a00000, 0x0000000089b00000|  0%| F|  |TAMS 0x0000000089a00000, 0x0000000089a00000| Untracked 
| 155|0x0000000089b00000, 0x0000000089b00000, 0x0000000089c00000|  0%| F|  |TAMS 0x0000000089b00000, 0x0000000089b00000| Untracked 
| 156|0x0000000089c00000, 0x0000000089c00000, 0x0000000089d00000|  0%| F|  |TAMS 0x0000000089c00000, 0x0000000089c00000| Untracked 
| 157|0x0000000089d00000, 0x0000000089e00000, 0x0000000089e00000|100%| O|  |TAMS 0x0000000089e00000, 0x0000000089d00000| Complete 
| 158|0x0000000089e00000, 0x0000000089e00000, 0x0000000089f00000|  0%| F|  |TAMS 0x0000000089e00000, 0x0000000089e00000| Untracked 
| 159|0x0000000089f00000, 0x0000000089f00000, 0x000000008a000000|  0%| F|  |TAMS 0x0000000089f00000, 0x0000000089f00000| Untracked 
| 160|0x000000008a000000, 0x000000008a000000, 0x000000008a100000|  0%| F|  |TAMS 0x000000008a000000, 0x000000008a000000| Untracked 
| 161|0x000000008a100000, 0x000000008a200000, 0x000000008a200000|100%| O|  |TAMS 0x000000008a200000, 0x000000008a100000| Complete 
| 162|0x000000008a200000, 0x000000008a200000, 0x000000008a300000|  0%| F|  |TAMS 0x000000008a200000, 0x000000008a200000| Untracked 
| 163|0x000000008a300000, 0x000000008a300000, 0x000000008a400000|  0%| F|  |TAMS 0x000000008a300000, 0x000000008a300000| Untracked 
| 164|0x000000008a400000, 0x000000008a400000, 0x000000008a500000|  0%| F|  |TAMS 0x000000008a400000, 0x000000008a400000| Untracked 
| 165|0x000000008a500000, 0x000000008a500000, 0x000000008a600000|  0%| F|  |TAMS 0x000000008a500000, 0x000000008a500000| Untracked 
| 166|0x000000008a600000, 0x000000008a600000, 0x000000008a700000|  0%| F|  |TAMS 0x000000008a600000, 0x000000008a600000| Untracked 
| 167|0x000000008a700000, 0x000000008a700000, 0x000000008a800000|  0%| F|  |TAMS 0x000000008a700000, 0x000000008a700000| Untracked 
| 168|0x000000008a800000, 0x000000008a800000, 0x000000008a900000|  0%| F|  |TAMS 0x000000008a800000, 0x000000008a800000| Untracked 
| 169|0x000000008a900000, 0x000000008a900000, 0x000000008aa00000|  0%| F|  |TAMS 0x000000008a900000, 0x000000008a900000| Untracked 
| 170|0x000000008aa00000, 0x000000008aa00000, 0x000000008ab00000|  0%| F|  |TAMS 0x000000008aa00000, 0x000000008aa00000| Untracked 
| 171|0x000000008ab00000, 0x000000008ab00000, 0x000000008ac00000|  0%| F|  |TAMS 0x000000008ab00000, 0x000000008ab00000| Untracked 
| 172|0x000000008ac00000, 0x000000008ac00000, 0x000000008ad00000|  0%| F|  |TAMS 0x000000008ac00000, 0x000000008ac00000| Untracked 
| 173|0x000000008ad00000, 0x000000008ad00000, 0x000000008ae00000|  0%| F|  |TAMS 0x000000008ad00000, 0x000000008ad00000| Untracked 
| 174|0x000000008ae00000, 0x000000008ae00000, 0x000000008af00000|  0%| F|  |TAMS 0x000000008ae00000, 0x000000008ae00000| Untracked 
| 175|0x000000008af00000, 0x000000008af00000, 0x000000008b000000|  0%| F|  |TAMS 0x000000008af00000, 0x000000008af00000| Untracked 
| 176|0x000000008b000000, 0x000000008b000000, 0x000000008b100000|  0%| F|  |TAMS 0x000000008b000000, 0x000000008b000000| Untracked 
| 177|0x000000008b100000, 0x000000008b100000, 0x000000008b200000|  0%| F|  |TAMS 0x000000008b100000, 0x000000008b100000| Untracked 
| 178|0x000000008b200000, 0x000000008b200000, 0x000000008b300000|  0%| F|  |TAMS 0x000000008b200000, 0x000000008b200000| Untracked 
| 179|0x000000008b300000, 0x000000008b300000, 0x000000008b400000|  0%| F|  |TAMS 0x000000008b300000, 0x000000008b300000| Untracked 
| 180|0x000000008b400000, 0x000000008b400000, 0x000000008b500000|  0%| F|  |TAMS 0x000000008b400000, 0x000000008b400000| Untracked 
| 181|0x000000008b500000, 0x000000008b500000, 0x000000008b600000|  0%| F|  |TAMS 0x000000008b500000, 0x000000008b500000| Untracked 
| 182|0x000000008b600000, 0x000000008b600000, 0x000000008b700000|  0%| F|  |TAMS 0x000000008b600000, 0x000000008b600000| Untracked 
| 183|0x000000008b700000, 0x000000008b700000, 0x000000008b800000|  0%| F|  |TAMS 0x000000008b700000, 0x000000008b700000| Untracked 
| 184|0x000000008b800000, 0x000000008b800000, 0x000000008b900000|  0%| F|  |TAMS 0x000000008b800000, 0x000000008b800000| Untracked 
| 185|0x000000008b900000, 0x000000008b900000, 0x000000008ba00000|  0%| F|  |TAMS 0x000000008b900000, 0x000000008b900000| Untracked 
| 186|0x000000008ba00000, 0x000000008ba00000, 0x000000008bb00000|  0%| F|  |TAMS 0x000000008ba00000, 0x000000008ba00000| Untracked 
| 187|0x000000008bb00000, 0x000000008bb00000, 0x000000008bc00000|  0%| F|  |TAMS 0x000000008bb00000, 0x000000008bb00000| Untracked 
| 188|0x000000008bc00000, 0x000000008bc00000, 0x000000008bd00000|  0%| F|  |TAMS 0x000000008bc00000, 0x000000008bc00000| Untracked 
| 189|0x000000008bd00000, 0x000000008bd00000, 0x000000008be00000|  0%| F|  |TAMS 0x000000008bd00000, 0x000000008bd00000| Untracked 
| 190|0x000000008be00000, 0x000000008be00000, 0x000000008bf00000|  0%| F|  |TAMS 0x000000008be00000, 0x000000008be00000| Untracked 
| 191|0x000000008bf00000, 0x000000008bf00000, 0x000000008c000000|  0%| F|  |TAMS 0x000000008bf00000, 0x000000008bf00000| Untracked 
| 192|0x000000008c000000, 0x000000008c000000, 0x000000008c100000|  0%| F|  |TAMS 0x000000008c000000, 0x000000008c000000| Untracked 
| 193|0x000000008c100000, 0x000000008c100000, 0x000000008c200000|  0%| F|  |TAMS 0x000000008c100000, 0x000000008c100000| Untracked 
| 194|0x000000008c200000, 0x000000008c200000, 0x000000008c300000|  0%| F|  |TAMS 0x000000008c200000, 0x000000008c200000| Untracked 
| 195|0x000000008c300000, 0x000000008c300000, 0x000000008c400000|  0%| F|  |TAMS 0x000000008c300000, 0x000000008c300000| Untracked 
| 196|0x000000008c400000, 0x000000008c400000, 0x000000008c500000|  0%| F|  |TAMS 0x000000008c400000, 0x000000008c400000| Untracked 
| 197|0x000000008c500000, 0x000000008c500000, 0x000000008c600000|  0%| F|  |TAMS 0x000000008c500000, 0x000000008c500000| Untracked 
| 198|0x000000008c600000, 0x000000008c600000, 0x000000008c700000|  0%| F|  |TAMS 0x000000008c600000, 0x000000008c600000| Untracked 
| 199|0x000000008c700000, 0x000000008c700000, 0x000000008c800000|  0%| F|  |TAMS 0x000000008c700000, 0x000000008c700000| Untracked 
| 200|0x000000008c800000, 0x000000008c800000, 0x000000008c900000|  0%| F|  |TAMS 0x000000008c800000, 0x000000008c800000| Untracked 
| 201|0x000000008c900000, 0x000000008c900000, 0x000000008ca00000|  0%| F|  |TAMS 0x000000008c900000, 0x000000008c900000| Untracked 
| 202|0x000000008ca00000, 0x000000008ca00000, 0x000000008cb00000|  0%| F|  |TAMS 0x000000008ca00000, 0x000000008ca00000| Untracked 
| 203|0x000000008cb00000, 0x000000008cb00000, 0x000000008cc00000|  0%| F|  |TAMS 0x000000008cb00000, 0x000000008cb00000| Untracked 
| 204|0x000000008cc00000, 0x000000008cc00000, 0x000000008cd00000|  0%| F|  |TAMS 0x000000008cc00000, 0x000000008cc00000| Untracked 
| 205|0x000000008cd00000, 0x000000008cd00000, 0x000000008ce00000|  0%| F|  |TAMS 0x000000008cd00000, 0x000000008cd00000| Untracked 
| 206|0x000000008ce00000, 0x000000008ce00000, 0x000000008cf00000|  0%| F|  |TAMS 0x000000008ce00000, 0x000000008ce00000| Untracked 
| 207|0x000000008cf00000, 0x000000008cf00000, 0x000000008d000000|  0%| F|  |TAMS 0x000000008cf00000, 0x000000008cf00000| Untracked 
| 208|0x000000008d000000, 0x000000008d000000, 0x000000008d100000|  0%| F|  |TAMS 0x000000008d000000, 0x000000008d000000| Untracked 
| 209|0x000000008d100000, 0x000000008d100000, 0x000000008d200000|  0%| F|  |TAMS 0x000000008d100000, 0x000000008d100000| Untracked 
| 210|0x000000008d200000, 0x000000008d200000, 0x000000008d300000|  0%| F|  |TAMS 0x000000008d200000, 0x000000008d200000| Untracked 
| 211|0x000000008d300000, 0x000000008d300000, 0x000000008d400000|  0%| F|  |TAMS 0x000000008d300000, 0x000000008d300000| Untracked 
| 212|0x000000008d400000, 0x000000008d400000, 0x000000008d500000|  0%| F|  |TAMS 0x000000008d400000, 0x000000008d400000| Untracked 
| 213|0x000000008d500000, 0x000000008d500000, 0x000000008d600000|  0%| F|  |TAMS 0x000000008d500000, 0x000000008d500000| Untracked 
| 214|0x000000008d600000, 0x000000008d600000, 0x000000008d700000|  0%| F|  |TAMS 0x000000008d600000, 0x000000008d600000| Untracked 
| 215|0x000000008d700000, 0x000000008d700000, 0x000000008d800000|  0%| F|  |TAMS 0x000000008d700000, 0x000000008d700000| Untracked 
| 216|0x000000008d800000, 0x000000008d800000, 0x000000008d900000|  0%| F|  |TAMS 0x000000008d800000, 0x000000008d800000| Untracked 
| 217|0x000000008d900000, 0x000000008d900000, 0x000000008da00000|  0%| F|  |TAMS 0x000000008d900000, 0x000000008d900000| Untracked 
| 218|0x000000008da00000, 0x000000008da00000, 0x000000008db00000|  0%| F|  |TAMS 0x000000008da00000, 0x000000008da00000| Untracked 
| 219|0x000000008db00000, 0x000000008db00000, 0x000000008dc00000|  0%| F|  |TAMS 0x000000008db00000, 0x000000008db00000| Untracked 
| 220|0x000000008dc00000, 0x000000008dc00000, 0x000000008dd00000|  0%| F|  |TAMS 0x000000008dc00000, 0x000000008dc00000| Untracked 
| 221|0x000000008dd00000, 0x000000008dd00000, 0x000000008de00000|  0%| F|  |TAMS 0x000000008dd00000, 0x000000008dd00000| Untracked 
| 222|0x000000008de00000, 0x000000008de00000, 0x000000008df00000|  0%| F|  |TAMS 0x000000008de00000, 0x000000008de00000| Untracked 
| 223|0x000000008df00000, 0x000000008df00000, 0x000000008e000000|  0%| F|  |TAMS 0x000000008df00000, 0x000000008df00000| Untracked 
| 224|0x000000008e000000, 0x000000008e000000, 0x000000008e100000|  0%| F|  |TAMS 0x000000008e000000, 0x000000008e000000| Untracked 
| 225|0x000000008e100000, 0x000000008e100000, 0x000000008e200000|  0%| F|  |TAMS 0x000000008e100000, 0x000000008e100000| Untracked 
| 226|0x000000008e200000, 0x000000008e200000, 0x000000008e300000|  0%| F|  |TAMS 0x000000008e200000, 0x000000008e200000| Untracked 
| 227|0x000000008e300000, 0x000000008e300000, 0x000000008e400000|  0%| F|  |TAMS 0x000000008e300000, 0x000000008e300000| Untracked 
| 228|0x000000008e400000, 0x000000008e400000, 0x000000008e500000|  0%| F|  |TAMS 0x000000008e400000, 0x000000008e400000| Untracked 
| 229|0x000000008e500000, 0x000000008e500000, 0x000000008e600000|  0%| F|  |TAMS 0x000000008e500000, 0x000000008e500000| Untracked 
| 230|0x000000008e600000, 0x000000008e600000, 0x000000008e700000|  0%| F|  |TAMS 0x000000008e600000, 0x000000008e600000| Untracked 
| 231|0x000000008e700000, 0x000000008e700000, 0x000000008e800000|  0%| F|  |TAMS 0x000000008e700000, 0x000000008e700000| Untracked 
| 232|0x000000008e800000, 0x000000008e800000, 0x000000008e900000|  0%| F|  |TAMS 0x000000008e800000, 0x000000008e800000| Untracked 
| 233|0x000000008e900000, 0x000000008e900000, 0x000000008ea00000|  0%| F|  |TAMS 0x000000008e900000, 0x000000008e900000| Untracked 
| 234|0x000000008ea00000, 0x000000008ea00000, 0x000000008eb00000|  0%| F|  |TAMS 0x000000008ea00000, 0x000000008ea00000| Untracked 
| 235|0x000000008eb00000, 0x000000008eb00000, 0x000000008ec00000|  0%| F|  |TAMS 0x000000008eb00000, 0x000000008eb00000| Untracked 
| 236|0x000000008ec00000, 0x000000008ec00000, 0x000000008ed00000|  0%| F|  |TAMS 0x000000008ec00000, 0x000000008ec00000| Untracked 
| 237|0x000000008ed00000, 0x000000008ed00000, 0x000000008ee00000|  0%| F|  |TAMS 0x000000008ed00000, 0x000000008ed00000| Untracked 
| 238|0x000000008ee00000, 0x000000008ee00000, 0x000000008ef00000|  0%| F|  |TAMS 0x000000008ee00000, 0x000000008ee00000| Untracked 
| 239|0x000000008ef00000, 0x000000008ef00000, 0x000000008f000000|  0%| F|  |TAMS 0x000000008ef00000, 0x000000008ef00000| Untracked 
| 240|0x000000008f000000, 0x000000008f000000, 0x000000008f100000|  0%| F|  |TAMS 0x000000008f000000, 0x000000008f000000| Untracked 
| 241|0x000000008f100000, 0x000000008f100000, 0x000000008f200000|  0%| F|  |TAMS 0x000000008f100000, 0x000000008f100000| Untracked 
| 242|0x000000008f200000, 0x000000008f200000, 0x000000008f300000|  0%| F|  |TAMS 0x000000008f200000, 0x000000008f200000| Untracked 
| 243|0x000000008f300000, 0x000000008f300000, 0x000000008f400000|  0%| F|  |TAMS 0x000000008f300000, 0x000000008f300000| Untracked 
| 244|0x000000008f400000, 0x000000008f400000, 0x000000008f500000|  0%| F|  |TAMS 0x000000008f400000, 0x000000008f400000| Untracked 
| 245|0x000000008f500000, 0x000000008f500000, 0x000000008f600000|  0%| F|  |TAMS 0x000000008f500000, 0x000000008f500000| Untracked 
| 246|0x000000008f600000, 0x000000008f600000, 0x000000008f700000|  0%| F|  |TAMS 0x000000008f600000, 0x000000008f600000| Untracked 
| 247|0x000000008f700000, 0x000000008f700000, 0x000000008f800000|  0%| F|  |TAMS 0x000000008f700000, 0x000000008f700000| Untracked 
| 248|0x000000008f800000, 0x000000008f800000, 0x000000008f900000|  0%| F|  |TAMS 0x000000008f800000, 0x000000008f800000| Untracked 
| 249|0x000000008f900000, 0x000000008f900000, 0x000000008fa00000|  0%| F|  |TAMS 0x000000008f900000, 0x000000008f900000| Untracked 
| 250|0x000000008fa00000, 0x000000008fa00000, 0x000000008fb00000|  0%| F|  |TAMS 0x000000008fa00000, 0x000000008fa00000| Untracked 
| 251|0x000000008fb00000, 0x000000008fb00000, 0x000000008fc00000|  0%| F|  |TAMS 0x000000008fb00000, 0x000000008fb00000| Untracked 
| 252|0x000000008fc00000, 0x000000008fc00000, 0x000000008fd00000|  0%| F|  |TAMS 0x000000008fc00000, 0x000000008fc00000| Untracked 
| 253|0x000000008fd00000, 0x000000008fd00000, 0x000000008fe00000|  0%| F|  |TAMS 0x000000008fd00000, 0x000000008fd00000| Untracked 
| 254|0x000000008fe00000, 0x000000008fe00000, 0x000000008ff00000|  0%| F|  |TAMS 0x000000008fe00000, 0x000000008fe00000| Untracked 
| 255|0x000000008ff00000, 0x000000008ff00000, 0x0000000090000000|  0%| F|  |TAMS 0x000000008ff00000, 0x000000008ff00000| Untracked 
| 256|0x0000000090000000, 0x0000000090000000, 0x0000000090100000|  0%| F|  |TAMS 0x0000000090000000, 0x0000000090000000| Untracked 
| 257|0x0000000090100000, 0x0000000090100000, 0x0000000090200000|  0%| F|  |TAMS 0x0000000090100000, 0x0000000090100000| Untracked 
| 258|0x0000000090200000, 0x0000000090200000, 0x0000000090300000|  0%| F|  |TAMS 0x0000000090200000, 0x0000000090200000| Untracked 
| 259|0x0000000090300000, 0x0000000090300000, 0x0000000090400000|  0%| F|  |TAMS 0x0000000090300000, 0x0000000090300000| Untracked 
| 260|0x0000000090400000, 0x0000000090400000, 0x0000000090500000|  0%| F|  |TAMS 0x0000000090400000, 0x0000000090400000| Untracked 
| 261|0x0000000090500000, 0x0000000090500000, 0x0000000090600000|  0%| F|  |TAMS 0x0000000090500000, 0x0000000090500000| Untracked 
| 262|0x0000000090600000, 0x0000000090600000, 0x0000000090700000|  0%| F|  |TAMS 0x0000000090600000, 0x0000000090600000| Untracked 
| 263|0x0000000090700000, 0x0000000090700000, 0x0000000090800000|  0%| F|  |TAMS 0x0000000090700000, 0x0000000090700000| Untracked 
| 264|0x0000000090800000, 0x0000000090800000, 0x0000000090900000|  0%| F|  |TAMS 0x0000000090800000, 0x0000000090800000| Untracked 
| 265|0x0000000090900000, 0x0000000090900000, 0x0000000090a00000|  0%| F|  |TAMS 0x0000000090900000, 0x0000000090900000| Untracked 
| 266|0x0000000090a00000, 0x0000000090a00000, 0x0000000090b00000|  0%| F|  |TAMS 0x0000000090a00000, 0x0000000090a00000| Untracked 
| 267|0x0000000090b00000, 0x0000000090b00000, 0x0000000090c00000|  0%| F|  |TAMS 0x0000000090b00000, 0x0000000090b00000| Untracked 
| 268|0x0000000090c00000, 0x0000000090c00000, 0x0000000090d00000|  0%| F|  |TAMS 0x0000000090c00000, 0x0000000090c00000| Untracked 
| 269|0x0000000090d00000, 0x0000000090d00000, 0x0000000090e00000|  0%| F|  |TAMS 0x0000000090d00000, 0x0000000090d00000| Untracked 
| 270|0x0000000090e00000, 0x0000000090e00000, 0x0000000090f00000|  0%| F|  |TAMS 0x0000000090e00000, 0x0000000090e00000| Untracked 
| 271|0x0000000090f00000, 0x0000000090f00000, 0x0000000091000000|  0%| F|  |TAMS 0x0000000090f00000, 0x0000000090f00000| Untracked 
| 272|0x0000000091000000, 0x0000000091000000, 0x0000000091100000|  0%| F|  |TAMS 0x0000000091000000, 0x0000000091000000| Untracked 
| 273|0x0000000091100000, 0x0000000091100000, 0x0000000091200000|  0%| F|  |TAMS 0x0000000091100000, 0x0000000091100000| Untracked 
| 274|0x0000000091200000, 0x0000000091200000, 0x0000000091300000|  0%| F|  |TAMS 0x0000000091200000, 0x0000000091200000| Untracked 
| 275|0x0000000091300000, 0x0000000091300000, 0x0000000091400000|  0%| F|  |TAMS 0x0000000091300000, 0x0000000091300000| Untracked 
| 276|0x0000000091400000, 0x0000000091400000, 0x0000000091500000|  0%| F|  |TAMS 0x0000000091400000, 0x0000000091400000| Untracked 
| 277|0x0000000091500000, 0x0000000091500000, 0x0000000091600000|  0%| F|  |TAMS 0x0000000091500000, 0x0000000091500000| Untracked 
| 278|0x0000000091600000, 0x0000000091600000, 0x0000000091700000|  0%| F|  |TAMS 0x0000000091600000, 0x0000000091600000| Untracked 
| 279|0x0000000091700000, 0x0000000091700000, 0x0000000091800000|  0%| F|  |TAMS 0x0000000091700000, 0x0000000091700000| Untracked 
| 280|0x0000000091800000, 0x0000000091800000, 0x0000000091900000|  0%| F|  |TAMS 0x0000000091800000, 0x0000000091800000| Untracked 
| 281|0x0000000091900000, 0x0000000091900000, 0x0000000091a00000|  0%| F|  |TAMS 0x0000000091900000, 0x0000000091900000| Untracked 
| 282|0x0000000091a00000, 0x0000000091a00000, 0x0000000091b00000|  0%| F|  |TAMS 0x0000000091a00000, 0x0000000091a00000| Untracked 
| 283|0x0000000091b00000, 0x0000000091b00000, 0x0000000091c00000|  0%| F|  |TAMS 0x0000000091b00000, 0x0000000091b00000| Untracked 
| 284|0x0000000091c00000, 0x0000000091c00000, 0x0000000091d00000|  0%| F|  |TAMS 0x0000000091c00000, 0x0000000091c00000| Untracked 
| 285|0x0000000091d00000, 0x0000000091d00000, 0x0000000091e00000|  0%| F|  |TAMS 0x0000000091d00000, 0x0000000091d00000| Untracked 
| 286|0x0000000091e00000, 0x0000000091e00000, 0x0000000091f00000|  0%| F|  |TAMS 0x0000000091e00000, 0x0000000091e00000| Untracked 
| 287|0x0000000091f00000, 0x0000000091f00000, 0x0000000092000000|  0%| F|  |TAMS 0x0000000091f00000, 0x0000000091f00000| Untracked 
| 288|0x0000000092000000, 0x0000000092000000, 0x0000000092100000|  0%| F|  |TAMS 0x0000000092000000, 0x0000000092000000| Untracked 
| 289|0x0000000092100000, 0x0000000092100000, 0x0000000092200000|  0%| F|  |TAMS 0x0000000092100000, 0x0000000092100000| Untracked 
| 290|0x0000000092200000, 0x0000000092200000, 0x0000000092300000|  0%| F|  |TAMS 0x0000000092200000, 0x0000000092200000| Untracked 
| 291|0x0000000092300000, 0x0000000092300000, 0x0000000092400000|  0%| F|  |TAMS 0x0000000092300000, 0x0000000092300000| Untracked 
| 292|0x0000000092400000, 0x0000000092400000, 0x0000000092500000|  0%| F|  |TAMS 0x0000000092400000, 0x0000000092400000| Untracked 
| 293|0x0000000092500000, 0x0000000092500000, 0x0000000092600000|  0%| F|  |TAMS 0x0000000092500000, 0x0000000092500000| Untracked 
| 294|0x0000000092600000, 0x0000000092600000, 0x0000000092700000|  0%| F|  |TAMS 0x0000000092600000, 0x0000000092600000| Untracked 
| 295|0x0000000092700000, 0x0000000092700000, 0x0000000092800000|  0%| F|  |TAMS 0x0000000092700000, 0x0000000092700000| Untracked 
| 296|0x0000000092800000, 0x0000000092800000, 0x0000000092900000|  0%| F|  |TAMS 0x0000000092800000, 0x0000000092800000| Untracked 
| 297|0x0000000092900000, 0x0000000092900000, 0x0000000092a00000|  0%| F|  |TAMS 0x0000000092900000, 0x0000000092900000| Untracked 
| 298|0x0000000092a00000, 0x0000000092a00000, 0x0000000092b00000|  0%| F|  |TAMS 0x0000000092a00000, 0x0000000092a00000| Untracked 
| 299|0x0000000092b00000, 0x0000000092b00000, 0x0000000092c00000|  0%| F|  |TAMS 0x0000000092b00000, 0x0000000092b00000| Untracked 
| 300|0x0000000092c00000, 0x0000000092c00000, 0x0000000092d00000|  0%| F|  |TAMS 0x0000000092c00000, 0x0000000092c00000| Untracked 
| 301|0x0000000092d00000, 0x0000000092d00000, 0x0000000092e00000|  0%| F|  |TAMS 0x0000000092d00000, 0x0000000092d00000| Untracked 
| 302|0x0000000092e00000, 0x0000000092e00000, 0x0000000092f00000|  0%| F|  |TAMS 0x0000000092e00000, 0x0000000092e00000| Untracked 
| 303|0x0000000092f00000, 0x0000000092f00000, 0x0000000093000000|  0%| F|  |TAMS 0x0000000092f00000, 0x0000000092f00000| Untracked 
| 304|0x0000000093000000, 0x0000000093000000, 0x0000000093100000|  0%| F|  |TAMS 0x0000000093000000, 0x0000000093000000| Untracked 
| 305|0x0000000093100000, 0x0000000093100000, 0x0000000093200000|  0%| F|  |TAMS 0x0000000093100000, 0x0000000093100000| Untracked 
| 306|0x0000000093200000, 0x0000000093200000, 0x0000000093300000|  0%| F|  |TAMS 0x0000000093200000, 0x0000000093200000| Untracked 
| 307|0x0000000093300000, 0x0000000093300000, 0x0000000093400000|  0%| F|  |TAMS 0x0000000093300000, 0x0000000093300000| Untracked 
| 308|0x0000000093400000, 0x0000000093400000, 0x0000000093500000|  0%| F|  |TAMS 0x0000000093400000, 0x0000000093400000| Untracked 
| 309|0x0000000093500000, 0x0000000093500000, 0x0000000093600000|  0%| F|  |TAMS 0x0000000093500000, 0x0000000093500000| Untracked 
| 310|0x0000000093600000, 0x0000000093600000, 0x0000000093700000|  0%| F|  |TAMS 0x0000000093600000, 0x0000000093600000| Untracked 
| 311|0x0000000093700000, 0x0000000093700000, 0x0000000093800000|  0%| F|  |TAMS 0x0000000093700000, 0x0000000093700000| Untracked 
| 312|0x0000000093800000, 0x0000000093800000, 0x0000000093900000|  0%| F|  |TAMS 0x0000000093800000, 0x0000000093800000| Untracked 
| 313|0x0000000093900000, 0x0000000093900000, 0x0000000093a00000|  0%| F|  |TAMS 0x0000000093900000, 0x0000000093900000| Untracked 
| 314|0x0000000093a00000, 0x0000000093a00000, 0x0000000093b00000|  0%| F|  |TAMS 0x0000000093a00000, 0x0000000093a00000| Untracked 
| 315|0x0000000093b00000, 0x0000000093b00000, 0x0000000093c00000|  0%| F|  |TAMS 0x0000000093b00000, 0x0000000093b00000| Untracked 
| 316|0x0000000093c00000, 0x0000000093c00000, 0x0000000093d00000|  0%| F|  |TAMS 0x0000000093c00000, 0x0000000093c00000| Untracked 
| 317|0x0000000093d00000, 0x0000000093d00000, 0x0000000093e00000|  0%| F|  |TAMS 0x0000000093d00000, 0x0000000093d00000| Untracked 
| 318|0x0000000093e00000, 0x0000000093e00000, 0x0000000093f00000|  0%| F|  |TAMS 0x0000000093e00000, 0x0000000093e00000| Untracked 
| 319|0x0000000093f00000, 0x0000000093f00000, 0x0000000094000000|  0%| F|  |TAMS 0x0000000093f00000, 0x0000000093f00000| Untracked 
| 320|0x0000000094000000, 0x0000000094000000, 0x0000000094100000|  0%| F|  |TAMS 0x0000000094000000, 0x0000000094000000| Untracked 
| 321|0x0000000094100000, 0x0000000094100000, 0x0000000094200000|  0%| F|  |TAMS 0x0000000094100000, 0x0000000094100000| Untracked 
| 322|0x0000000094200000, 0x0000000094200000, 0x0000000094300000|  0%| F|  |TAMS 0x0000000094200000, 0x0000000094200000| Untracked 
| 323|0x0000000094300000, 0x0000000094300000, 0x0000000094400000|  0%| F|  |TAMS 0x0000000094300000, 0x0000000094300000| Untracked 
| 324|0x0000000094400000, 0x0000000094400000, 0x0000000094500000|  0%| F|  |TAMS 0x0000000094400000, 0x0000000094400000| Untracked 
| 325|0x0000000094500000, 0x0000000094500000, 0x0000000094600000|  0%| F|  |TAMS 0x0000000094500000, 0x0000000094500000| Untracked 
| 326|0x0000000094600000, 0x0000000094600000, 0x0000000094700000|  0%| F|  |TAMS 0x0000000094600000, 0x0000000094600000| Untracked 
| 327|0x0000000094700000, 0x0000000094700000, 0x0000000094800000|  0%| F|  |TAMS 0x0000000094700000, 0x0000000094700000| Untracked 
| 328|0x0000000094800000, 0x0000000094800000, 0x0000000094900000|  0%| F|  |TAMS 0x0000000094800000, 0x0000000094800000| Untracked 
| 329|0x0000000094900000, 0x0000000094900000, 0x0000000094a00000|  0%| F|  |TAMS 0x0000000094900000, 0x0000000094900000| Untracked 
| 330|0x0000000094a00000, 0x0000000094a00000, 0x0000000094b00000|  0%| F|  |TAMS 0x0000000094a00000, 0x0000000094a00000| Untracked 
| 331|0x0000000094b00000, 0x0000000094bb2380, 0x0000000094c00000| 69%| S|CS|TAMS 0x0000000094b00000, 0x0000000094b00000| Complete 
| 332|0x0000000094c00000, 0x0000000094d00000, 0x0000000094d00000|100%| S|CS|TAMS 0x0000000094c00000, 0x0000000094c00000| Complete 
| 333|0x0000000094d00000, 0x0000000094d00000, 0x0000000094e00000|  0%| F|  |TAMS 0x0000000094d00000, 0x0000000094d00000| Untracked 
| 334|0x0000000094e00000, 0x0000000094e00000, 0x0000000094f00000|  0%| F|  |TAMS 0x0000000094e00000, 0x0000000094e00000| Untracked 
| 335|0x0000000094f00000, 0x0000000094f00000, 0x0000000095000000|  0%| F|  |TAMS 0x0000000094f00000, 0x0000000094f00000| Untracked 
| 336|0x0000000095000000, 0x0000000095000000, 0x0000000095100000|  0%| F|  |TAMS 0x0000000095000000, 0x0000000095000000| Untracked 
| 337|0x0000000095100000, 0x0000000095100000, 0x0000000095200000|  0%| F|  |TAMS 0x0000000095100000, 0x0000000095100000| Untracked 
| 338|0x0000000095200000, 0x0000000095200000, 0x0000000095300000|  0%| F|  |TAMS 0x0000000095200000, 0x0000000095200000| Untracked 
| 339|0x0000000095300000, 0x0000000095300000, 0x0000000095400000|  0%| F|  |TAMS 0x0000000095300000, 0x0000000095300000| Untracked 
| 340|0x0000000095400000, 0x0000000095400000, 0x0000000095500000|  0%| F|  |TAMS 0x0000000095400000, 0x0000000095400000| Untracked 
| 341|0x0000000095500000, 0x0000000095500000, 0x0000000095600000|  0%| F|  |TAMS 0x0000000095500000, 0x0000000095500000| Untracked 

Card table byte_map: [0x000001bd2aa20000,0x000001bd2ae20000] _byte_map_base: 0x000001bd2a620000

Marking Bits (Prev, Next): (CMBitMap*) 0x000001bd15d4cac8, (CMBitMap*) 0x000001bd15d4cb00
 Prev Bits: [0x000001bd2b220000, 0x000001bd2d220000)
 Next Bits: [0x000001bd2d220000, 0x000001bd2f220000)

Polling page: 0x000001bd15df0000

Metaspace:

Usage:
  Non-class:    100.89 MB capacity,    99.17 MB ( 98%) used,     1.36 MB (  1%) free+waste,   362.75 KB ( <1%) overhead. 
      Class:     15.21 MB capacity,    14.14 MB ( 93%) used,   936.63 KB (  6%) free+waste,   155.81 KB (  1%) overhead. 
       Both:    116.10 MB capacity,   113.31 MB ( 98%) used,     2.28 MB (  2%) free+waste,   518.56 KB ( <1%) overhead. 

Virtual space:
  Non-class space:      102.00 MB reserved,     101.00 MB (>99%) committed 
      Class space:        1.00 GB reserved,      15.38 MB (  2%) committed 
             Both:        1.10 GB reserved,     116.38 MB ( 10%) committed 

Chunk freelists:
   Non-Class:  48.00 KB
       Class:  108.00 KB
        Both:  156.00 KB

MaxMetaspaceSize: 17179869184.00 GB
CompressedClassSpaceSize: 1.00 GB

CodeHeap 'non-profiled nmethods': size=120064Kb used=10759Kb max_used=11176Kb free=109305Kb
 bounds [0x000001bd22ac0000, 0x000001bd235e0000, 0x000001bd2a000000]
CodeHeap 'profiled nmethods': size=120000Kb used=41031Kb max_used=42156Kb free=78968Kb
 bounds [0x000001bd1b590000, 0x000001bd1df20000, 0x000001bd22ac0000]
CodeHeap 'non-nmethods': size=5696Kb used=2327Kb max_used=2398Kb free=3368Kb
 bounds [0x000001bd1b000000, 0x000001bd1b270000, 0x000001bd1b590000]
 total_blobs=18710 nmethods=17763 adapters=856
 compilation: enabled
              stopped_count=0, restarted_count=0
 full_count=0

Compilation events (20 events):
Event: 122.955 Thread 0x000001bd32082800 19128       2       com.android.tools.r8.code.O1::H (4 bytes)
Event: 122.956 Thread 0x000001bd32082800 nmethod 19128 0x000001bd1b705190 code [0x000001bd1b705340, 0x000001bd1b705438]
Event: 122.956 Thread 0x000001bd32082800 19129       2       com.android.tools.r8.code.u1::a (13 bytes)
Event: 122.956 Thread 0x000001bd32082800 nmethod 19129 0x000001bd1b70d610 code [0x000001bd1b70d800, 0x000001bd1b70da18]
Event: 122.976 Thread 0x000001bd32082800 19140       2       com.android.tools.r8.code.T0::a (1 bytes)
Event: 122.976 Thread 0x000001bd32082800 nmethod 19140 0x000001bd1b70d290 code [0x000001bd1b70d440, 0x000001bd1b70d538]
Event: 122.982 Thread 0x000001bd32082800 19143       2       com.android.tools.r8.code.o2::a (1 bytes)
Event: 122.983 Thread 0x000001bd32082800 nmethod 19143 0x000001bd1b70cf10 code [0x000001bd1b70d0c0, 0x000001bd1b70d1b8]
Event: 122.988 Thread 0x000001bd32082800 19146       2       com.android.tools.r8.code.O3::a (1 bytes)
Event: 122.988 Thread 0x000001bd32082800 nmethod 19146 0x000001bd1b70cb90 code [0x000001bd1b70cd40, 0x000001bd1b70ce38]
Event: 122.995 Thread 0x000001bd32082800 19147       2       com.android.tools.r8.internal.gv::<init> (10 bytes)
Event: 122.996 Thread 0x000001bd32082800 nmethod 19147 0x000001bd1b70c810 code [0x000001bd1b70c9c0, 0x000001bd1b70cac8]
Event: 123.023 Thread 0x000001bd32082800 19149       2       com.android.tools.r8.graph.f0$o::a (12 bytes)
Event: 123.024 Thread 0x000001bd32082800 nmethod 19149 0x000001bd1b70c410 code [0x000001bd1b70c5c0, 0x000001bd1b70c708]
Event: 123.044 Thread 0x000001bd32082800 19154       2       com.android.tools.r8.code.B::a (1 bytes)
Event: 123.044 Thread 0x000001bd32082800 nmethod 19154 0x000001bd1b70c090 code [0x000001bd1b70c240, 0x000001bd1b70c338]
Event: 123.044 Thread 0x000001bd32082800 19155       2       com.android.tools.r8.code.o::a (1 bytes)
Event: 123.044 Thread 0x000001bd32082800 nmethod 19155 0x000001bd1b70bd10 code [0x000001bd1b70bec0, 0x000001bd1b70bfb8]
Event: 123.046 Thread 0x000001bd32082800 19156       2       com.android.tools.r8.code.E::a (1 bytes)
Event: 123.046 Thread 0x000001bd32082800 nmethod 19156 0x000001bd1b70b990 code [0x000001bd1b70bb40, 0x000001bd1b70bc38]

GC Heap History (20 events):
Event: 118.186 GC heap after
{Heap after GC invocations=139 (full 0):
 garbage-first heap   total 350208K, used 158254K [0x0000000080000000, 0x0000000100000000)
  region size 1024K, 2 young (2048K), 2 survivors (2048K)
 Metaspace       used 115563K, capacity 118436K, committed 118912K, reserved 1153024K
  class space    used 14472K, capacity 15560K, committed 15744K, reserved 1048576K
}
Event: 118.601 GC heap before
{Heap before GC invocations=139 (full 0):
 garbage-first heap   total 350208K, used 305710K [0x0000000080000000, 0x0000000100000000)
  region size 1024K, 146 young (149504K), 2 survivors (2048K)
 Metaspace       used 115602K, capacity 118439K, committed 118912K, reserved 1153024K
  class space    used 14472K, capacity 15560K, committed 15744K, reserved 1048576K
}
Event: 118.608 GC heap after
{Heap after GC invocations=140 (full 0):
 garbage-first heap   total 350208K, used 158470K [0x0000000080000000, 0x0000000100000000)
  region size 1024K, 3 young (3072K), 3 survivors (3072K)
 Metaspace       used 115602K, capacity 118439K, committed 118912K, reserved 1153024K
  class space    used 14472K, capacity 15560K, committed 15744K, reserved 1048576K
}
Event: 119.106 GC heap before
{Heap before GC invocations=140 (full 0):
 garbage-first heap   total 350208K, used 305926K [0x0000000080000000, 0x0000000100000000)
  region size 1024K, 147 young (150528K), 3 survivors (3072K)
 Metaspace       used 115604K, capacity 118439K, committed 118912K, reserved 1153024K
  class space    used 14472K, capacity 15560K, committed 15744K, reserved 1048576K
}
Event: 119.114 GC heap after
{Heap after GC invocations=141 (full 0):
 garbage-first heap   total 350208K, used 159278K [0x0000000080000000, 0x0000000100000000)
  region size 1024K, 3 young (3072K), 3 survivors (3072K)
 Metaspace       used 115604K, capacity 118439K, committed 118912K, reserved 1153024K
  class space    used 14472K, capacity 15560K, committed 15744K, reserved 1048576K
}
Event: 119.569 GC heap before
{Heap before GC invocations=141 (full 0):
 garbage-first heap   total 350208K, used 307758K [0x0000000080000000, 0x0000000100000000)
  region size 1024K, 148 young (151552K), 3 survivors (3072K)
 Metaspace       used 115622K, capacity 118503K, committed 118912K, reserved 1153024K
  class space    used 14472K, capacity 15560K, committed 15744K, reserved 1048576K
}
Event: 119.578 GC heap after
{Heap after GC invocations=142 (full 0):
 garbage-first heap   total 350208K, used 159684K [0x0000000080000000, 0x0000000100000000)
  region size 1024K, 4 young (4096K), 4 survivors (4096K)
 Metaspace       used 115622K, capacity 118503K, committed 118912K, reserved 1153024K
  class space    used 14472K, capacity 15560K, committed 15744K, reserved 1048576K
}
Event: 120.425 GC heap before
{Heap before GC invocations=143 (full 0):
 garbage-first heap   total 350208K, used 308164K [0x0000000080000000, 0x0000000100000000)
  region size 1024K, 148 young (151552K), 4 survivors (4096K)
 Metaspace       used 115927K, capacity 118788K, committed 119168K, reserved 1153024K
  class space    used 14476K, capacity 15567K, committed 15744K, reserved 1048576K
}
Event: 120.438 GC heap after
{Heap after GC invocations=144 (full 0):
 garbage-first heap   total 350208K, used 160058K [0x0000000080000000, 0x0000000100000000)
  region size 1024K, 4 young (4096K), 4 survivors (4096K)
 Metaspace       used 115927K, capacity 118788K, committed 119168K, reserved 1153024K
  class space    used 14476K, capacity 15567K, committed 15744K, reserved 1048576K
}
Event: 120.487 GC heap before
{Heap before GC invocations=144 (full 0):
 garbage-first heap   total 350208K, used 173370K [0x0000000080000000, 0x0000000100000000)
  region size 1024K, 17 young (17408K), 4 survivors (4096K)
 Metaspace       used 115927K, capacity 118788K, committed 119168K, reserved 1153024K
  class space    used 14476K, capacity 15567K, committed 15744K, reserved 1048576K
}
Event: 120.515 GC heap after
{Heap after GC invocations=145 (full 0):
 garbage-first heap   total 350208K, used 151471K [0x0000000080000000, 0x0000000100000000)
  region size 1024K, 2 young (2048K), 2 survivors (2048K)
 Metaspace       used 115927K, capacity 118788K, committed 119168K, reserved 1153024K
  class space    used 14476K, capacity 15567K, committed 15744K, reserved 1048576K
}
Event: 121.019 GC heap before
{Heap before GC invocations=145 (full 0):
 garbage-first heap   total 350208K, used 303023K [0x0000000080000000, 0x0000000100000000)
  region size 1024K, 151 young (154624K), 2 survivors (2048K)
 Metaspace       used 115930K, capacity 118788K, committed 119168K, reserved 1153024K
  class space    used 14476K, capacity 15567K, committed 15744K, reserved 1048576K
}
Event: 121.029 GC heap after
{Heap after GC invocations=146 (full 0):
 garbage-first heap   total 350208K, used 152772K [0x0000000080000000, 0x0000000100000000)
  region size 1024K, 3 young (3072K), 3 survivors (3072K)
 Metaspace       used 115930K, capacity 118788K, committed 119168K, reserved 1153024K
  class space    used 14476K, capacity 15567K, committed 15744K, reserved 1048576K
}
Event: 121.642 GC heap before
{Heap before GC invocations=146 (full 0):
 garbage-first heap   total 350208K, used 306372K [0x0000000080000000, 0x0000000100000000)
  region size 1024K, 153 young (156672K), 3 survivors (3072K)
 Metaspace       used 115987K, capacity 118867K, committed 119168K, reserved 1153024K
  class space    used 14477K, capacity 15568K, committed 15744K, reserved 1048576K
}
Event: 121.690 GC heap after
{Heap after GC invocations=147 (full 0):
 garbage-first heap   total 350208K, used 160339K [0x0000000080000000, 0x0000000100000000)
  region size 1024K, 10 young (10240K), 10 survivors (10240K)
 Metaspace       used 115987K, capacity 118867K, committed 119168K, reserved 1153024K
  class space    used 14477K, capacity 15568K, committed 15744K, reserved 1048576K
}
Event: 122.239 GC heap before
{Heap before GC invocations=147 (full 0):
 garbage-first heap   total 350208K, used 302675K [0x0000000080000000, 0x0000000100000000)
  region size 1024K, 148 young (151552K), 10 survivors (10240K)
 Metaspace       used 116000K, capacity 118869K, committed 119168K, reserved 1153024K
  class space    used 14477K, capacity 15568K, committed 15744K, reserved 1048576K
}
Event: 122.266 GC heap after
{Heap after GC invocations=148 (full 0):
 garbage-first heap   total 350208K, used 157626K [0x0000000080000000, 0x0000000100000000)
  region size 1024K, 7 young (7168K), 7 survivors (7168K)
 Metaspace       used 116000K, capacity 118869K, committed 119168K, reserved 1153024K
  class space    used 14477K, capacity 15568K, committed 15744K, reserved 1048576K
}
Event: 122.999 GC heap before
{Heap before GC invocations=149 (full 0):
 garbage-first heap   total 350208K, used 299962K [0x0000000080000000, 0x0000000100000000)
  region size 1024K, 146 young (149504K), 7 survivors (7168K)
 Metaspace       used 116032K, capacity 118884K, committed 119168K, reserved 1153024K
  class space    used 14479K, capacity 15572K, committed 15744K, reserved 1048576K
}
Event: 123.016 GC heap after
{Heap after GC invocations=150 (full 0):
 garbage-first heap   total 350208K, used 159001K [0x0000000080000000, 0x0000000100000000)
  region size 1024K, 8 young (8192K), 8 survivors (8192K)
 Metaspace       used 116032K, capacity 118884K, committed 119168K, reserved 1153024K
  class space    used 14479K, capacity 15572K, committed 15744K, reserved 1048576K
}
Event: 123.057 GC heap before
{Heap before GC invocations=150 (full 0):
 garbage-first heap   total 350208K, used 168217K [0x0000000080000000, 0x0000000100000000)
  region size 1024K, 17 young (17408K), 8 survivors (8192K)
 Metaspace       used 116034K, capacity 118884K, committed 119168K, reserved 1153024K
  class space    used 14479K, capacity 15572K, committed 15744K, reserved 1048576K
}

Deoptimization events (20 events):
Event: 122.858 Thread 0x000001bd362a2000 Uncommon trap: trap_request=0xffffffde fr.pc=0x000001bd233c9ff8 relative=0x0000000000000318
Event: 122.858 Thread 0x000001bd362a2000 Uncommon trap: reason=class_check action=maybe_recompile pc=0x000001bd233c9ff8 method=com.android.tools.r8.internal.l8.a(Lcom/android/tools/r8/graph/d0;Lcom/android/tools/r8/graph/d0;)I @ 6 c2
Event: 122.858 Thread 0x000001bd362a2000 DEOPT PACKING pc=0x000001bd233c9ff8 sp=0x0000007c81efa0b0
Event: 122.858 Thread 0x000001bd362a2000 DEOPT UNPACKING pc=0x000001bd1b0278af sp=0x0000007c81ef9fc8 mode 2
Event: 122.859 Thread 0x000001bd362a2000 Uncommon trap: trap_request=0xffffffde fr.pc=0x000001bd233be61c relative=0x00000000000002dc
Event: 122.859 Thread 0x000001bd362a2000 Uncommon trap: reason=class_check action=maybe_recompile pc=0x000001bd233be61c method=com.android.tools.r8.internal.l8.a(Lcom/android/tools/r8/graph/d0;Lcom/android/tools/r8/graph/d0;)I @ 6 c2
Event: 122.859 Thread 0x000001bd362a2000 DEOPT PACKING pc=0x000001bd233be61c sp=0x0000007c81efa020
Event: 122.859 Thread 0x000001bd362a2000 DEOPT UNPACKING pc=0x000001bd1b0278af sp=0x0000007c81ef9fc0 mode 2
Event: 122.859 Thread 0x000001bd362a2000 Uncommon trap: trap_request=0xffffffde fr.pc=0x000001bd2340d9a0 relative=0x0000000000000d20
Event: 122.859 Thread 0x000001bd362a2000 Uncommon trap: reason=class_check action=maybe_recompile pc=0x000001bd2340d9a0 method=com.android.tools.r8.internal.l8.a(Lcom/android/tools/r8/graph/d0;Lcom/android/tools/r8/graph/d0;)I @ 6 c2
Event: 122.859 Thread 0x000001bd362a2000 DEOPT PACKING pc=0x000001bd2340d9a0 sp=0x0000007c81ef9ee0
Event: 122.859 Thread 0x000001bd362a2000 DEOPT UNPACKING pc=0x000001bd1b0278af sp=0x0000007c81ef9cd0 mode 2
Event: 122.889 Thread 0x000001bd362a2000 Uncommon trap: trap_request=0xffffffc6 fr.pc=0x000001bd234edb0c relative=0x0000000000000f8c
Event: 122.889 Thread 0x000001bd362a2000 Uncommon trap: reason=bimorphic_or_optimized_type_check action=maybe_recompile pc=0x000001bd234edb0c method=com.android.tools.r8.internal.DA.a(Ljava/lang/Object;[Lcom/android/tools/r8/internal/zf;I)Ljava/lang/Object; @ 13 c2
Event: 122.889 Thread 0x000001bd362a2000 DEOPT PACKING pc=0x000001bd234edb0c sp=0x0000007c81efa7a0
Event: 122.889 Thread 0x000001bd362a2000 DEOPT UNPACKING pc=0x000001bd1b0278af sp=0x0000007c81efa770 mode 2
Event: 122.889 Thread 0x000001bd362a2000 Uncommon trap: trap_request=0xffffffc6 fr.pc=0x000001bd234edb0c relative=0x0000000000000f8c
Event: 122.889 Thread 0x000001bd362a2000 Uncommon trap: reason=bimorphic_or_optimized_type_check action=maybe_recompile pc=0x000001bd234edb0c method=com.android.tools.r8.internal.DA.a(Ljava/lang/Object;[Lcom/android/tools/r8/internal/zf;I)Ljava/lang/Object; @ 13 c2
Event: 122.889 Thread 0x000001bd362a2000 DEOPT PACKING pc=0x000001bd234edb0c sp=0x0000007c81efa7a0
Event: 122.889 Thread 0x000001bd362a2000 DEOPT UNPACKING pc=0x000001bd1b0278af sp=0x0000007c81efa770 mode 2

Classes redefined (0 events):
No events

Internal exceptions (20 events):
Event: 99.112 Thread 0x000001bd362a1000 Exception <a 'sun/nio/fs/WindowsException'{0x000000008cee84f0}> (0x000000008cee84f0) thrown at [./src/hotspot/share/prims/jni.cpp, line 615]
Event: 99.174 Thread 0x000001bd36299000 Exception <a 'sun/nio/fs/WindowsException'{0x000000008c6af2d0}> (0x000000008c6af2d0) thrown at [./src/hotspot/share/prims/jni.cpp, line 615]
Event: 99.482 Thread 0x000001bd362a1000 Exception <a 'java/lang/NoSuchMethodError'{0x000000008b978060}: 'java.lang.Object java.lang.invoke.DirectMethodHandle$Holder.invokeSpecial(java.lang.Object, java.lang.Object, java.lang.Object, java.lang.Object, java.lang.Object, java.lang.Object, java.lang.Object, java.lang.Object, java.lang.Object, java.lang.Object, java.lang.Object)'> (0x000000008b978060) thrown at [./src/hotspot/share/interpreter/linkResolver.cpp, line 773]
Event: 99.483 Thread 0x000001bd362a1000 Exception <a 'java/lang/NoSuchMethodError'{0x000000008b983910}: 'java.lang.Object java.lang.invoke.Invokers$Holder.linkToTargetMethod(java.lang.Object, java.lang.Object, java.lang.Object, java.lang.Object, java.lang.Object, java.lang.Object, java.lang.Object, java.lang.Object, java.lang.Object, java.lang.Object)'> (0x000000008b983910) thrown at [./src/hotspot/share/interpreter/linkResolver.cpp, line 773]
Event: 99.609 Thread 0x000001bd362a1000 Exception <a 'java/lang/IncompatibleClassChangeError'{0x000000008b64e708}: Found class java.lang.Object, but interface was expected> (0x000000008b64e708) thrown at [./src/hotspot/share/interpreter/linkResolver.cpp, line 839]
Event: 100.356 Thread 0x000001bd362a1000 Exception <a 'sun/nio/fs/WindowsException'{0x0000000089e54440}> (0x0000000089e54440) thrown at [./src/hotspot/share/prims/jni.cpp, line 615]
Event: 100.845 Thread 0x000001bd362a1000 Implicit null exception at 0x000001bd23443b9b to 0x000001bd23444354
Event: 100.855 Thread 0x000001bd362a1000 Implicit null exception at 0x000001bd23444ba0 to 0x000001bd2344530c
Event: 102.342 Thread 0x000001bd33ac4800 Exception <a 'sun/nio/fs/WindowsException'{0x000000008e56e680}> (0x000000008e56e680) thrown at [./src/hotspot/share/prims/jni.cpp, line 615]
Event: 102.490 Thread 0x000001bd362a2000 Exception <a 'sun/nio/fs/WindowsException'{0x000000008e1eefd0}> (0x000000008e1eefd0) thrown at [./src/hotspot/share/prims/jni.cpp, line 615]
Event: 102.962 Thread 0x000001bd362a1000 Exception <a 'sun/nio/fs/WindowsException'{0x000000008bc30588}> (0x000000008bc30588) thrown at [./src/hotspot/share/prims/jni.cpp, line 615]
Event: 102.999 Thread 0x000001bd36299000 Exception <a 'sun/nio/fs/WindowsException'{0x000000008bf60f20}> (0x000000008bf60f20) thrown at [./src/hotspot/share/prims/jni.cpp, line 615]
Event: 107.458 Thread 0x000001bd36299000 Exception <a 'sun/nio/fs/WindowsException'{0x000000008c031c88}> (0x000000008c031c88) thrown at [./src/hotspot/share/prims/jni.cpp, line 615]
Event: 108.032 Thread 0x000001bd362a2000 Exception <a 'java/lang/NoSuchMethodError'{0x000000008f0bbc50}: 'int java.lang.invoke.DirectMethodHandle$Holder.invokeInterface(java.lang.Object, java.lang.Object, int)'> (0x000000008f0bbc50) thrown at [./src/hotspot/share/interpreter/linkResolver.cpp, line 773]
Event: 113.693 Thread 0x000001bd33ac4800 Implicit null exception at 0x000001bd23553373 to 0x000001bd23557c30
Event: 120.376 Thread 0x000001bd362a1000 Exception <a 'sun/nio/fs/WindowsException'{0x000000008d4bad98}> (0x000000008d4bad98) thrown at [./src/hotspot/share/prims/jni.cpp, line 615]
Event: 120.621 Thread 0x000001bd362a1000 Exception <a 'sun/nio/fs/WindowsException'{0x00000000934cdd58}> (0x00000000934cdd58) thrown at [./src/hotspot/share/prims/jni.cpp, line 615]
Event: 121.274 Thread 0x000001bd362a1000 Exception <a 'sun/nio/fs/WindowsException'{0x0000000091f9c140}> (0x0000000091f9c140) thrown at [./src/hotspot/share/prims/jni.cpp, line 615]
Event: 121.509 Thread 0x000001bd362a1000 Exception <a 'sun/nio/fs/WindowsException'{0x000000008f06f038}> (0x000000008f06f038) thrown at [./src/hotspot/share/prims/jni.cpp, line 615]
Event: 121.923 Thread 0x000001bd36299000 Exception <a 'sun/nio/fs/WindowsException'{0x00000000934da350}> (0x00000000934da350) thrown at [./src/hotspot/share/prims/jni.cpp, line 615]

Events (20 events):
Event: 122.667 Executing VM operation: CGC_Operation done
Event: 122.856 loading class com/android/tools/r8/graph/d0
Event: 122.856 loading class com/android/tools/r8/graph/d0 done
Event: 122.856 loading class com/android/tools/r8/synthesis/d
Event: 122.856 loading class com/android/tools/r8/synthesis/d done
Event: 122.857 loading class com/android/tools/r8/synthesis/d
Event: 122.857 loading class com/android/tools/r8/synthesis/d done
Event: 122.857 loading class com/android/tools/r8/graph/d0
Event: 122.857 loading class com/android/tools/r8/graph/d0 done
Event: 122.857 loading class com/android/tools/r8/graph/d0
Event: 122.857 loading class com/android/tools/r8/graph/d0 done
Event: 122.858 loading class com/android/tools/r8/graph/d0
Event: 122.858 loading class com/android/tools/r8/graph/d0 done
Event: 122.858 loading class com/android/tools/r8/internal/EE$a
Event: 122.858 loading class com/android/tools/r8/internal/EE$a done
Event: 122.860 Executing VM operation: CGC_Operation
Event: 122.860 Executing VM operation: CGC_Operation done
Event: 122.999 Executing VM operation: G1CollectForAllocation
Event: 123.016 Executing VM operation: G1CollectForAllocation done
Event: 123.056 Executing VM operation: G1CollectForAllocation


Dynamic libraries:
0x00007ff7d4ab0000 - 0x00007ff7d4aba000 	C:\Program Files\Android\Android Studio\jre\bin\java.exe
0x00007ffd4ea70000 - 0x00007ffd4ec65000 	C:\Windows\SYSTEM32\ntdll.dll
0x00007ffd4cd70000 - 0x00007ffd4ce2e000 	C:\Windows\System32\KERNEL32.DLL
0x00007ffd4c790000 - 0x00007ffd4ca58000 	C:\Windows\System32\KERNELBASE.dll
0x00007ffd4c5e0000 - 0x00007ffd4c6e0000 	C:\Windows\System32\ucrtbase.dll
0x00007ffd3c1f0000 - 0x00007ffd3c207000 	C:\Program Files\Android\Android Studio\jre\bin\VCRUNTIME140.dll
0x00007ffd32e90000 - 0x00007ffd32ea9000 	C:\Program Files\Android\Android Studio\jre\bin\jli.dll
0x00007ffd4d810000 - 0x00007ffd4d9b0000 	C:\Windows\System32\USER32.dll
0x00007ffd4c5b0000 - 0x00007ffd4c5d2000 	C:\Windows\System32\win32u.dll
0x00007ffd4d080000 - 0x00007ffd4d0ab000 	C:\Windows\System32\GDI32.dll
0x00007ffd3c940000 - 0x00007ffd3cbda000 	C:\Windows\WinSxS\amd64_microsoft.windows.common-controls_6595b64144ccf1df_6.0.19041.1110_none_60b5254171f9507e\COMCTL32.dll
0x00007ffd4d9b0000 - 0x00007ffd4da4e000 	C:\Windows\System32\msvcrt.dll
0x00007ffd4c250000 - 0x00007ffd4c35b000 	C:\Windows\System32\gdi32full.dll
0x00007ffd4c4c0000 - 0x00007ffd4c55d000 	C:\Windows\System32\msvcp_win.dll
0x00007ffd4de20000 - 0x00007ffd4de50000 	C:\Windows\System32\IMM32.DLL
0x00007ffd03010000 - 0x00007ffd030ad000 	C:\Program Files\Android\Android Studio\jre\bin\msvcp140.dll
0x00007ffd0e6b0000 - 0x00007ffd0f17f000 	C:\Program Files\Android\Android Studio\jre\bin\server\jvm.dll
0x00007ffd4cb80000 - 0x00007ffd4cc2e000 	C:\Windows\System32\ADVAPI32.dll
0x00007ffd4cae0000 - 0x00007ffd4cb7c000 	C:\Windows\System32\sechost.dll
0x00007ffd4e490000 - 0x00007ffd4e5b5000 	C:\Windows\System32\RPCRT4.dll
0x00007ffd4d0b0000 - 0x00007ffd4d0b8000 	C:\Windows\System32\PSAPI.DLL
0x00007ffd34180000 - 0x00007ffd34189000 	C:\Windows\SYSTEM32\WSOCK32.dll
0x00007ffd43c90000 - 0x00007ffd43cb7000 	C:\Windows\SYSTEM32\WINMM.dll
0x00007ffd43cc0000 - 0x00007ffd43cca000 	C:\Windows\SYSTEM32\VERSION.dll
0x00007ffd4dab0000 - 0x00007ffd4db1b000 	C:\Windows\System32\WS2_32.dll
0x00007ffd4a060000 - 0x00007ffd4a072000 	C:\Windows\SYSTEM32\kernel.appcore.dll
0x00007ffd3d1d0000 - 0x00007ffd3d1e1000 	C:\Program Files\Android\Android Studio\jre\bin\verify.dll
0x00007ffd40d60000 - 0x00007ffd40f44000 	C:\Windows\SYSTEM32\DBGHELP.DLL
0x00007ffd377a0000 - 0x00007ffd377cc000 	C:\Windows\SYSTEM32\dbgcore.DLL
0x00007ffd4c190000 - 0x00007ffd4c212000 	C:\Windows\System32\bcryptPrimitives.dll
0x00007ffd2aec0000 - 0x00007ffd2aee9000 	C:\Program Files\Android\Android Studio\jre\bin\java.dll
0x00007ffd45130000 - 0x00007ffd4513b000 	C:\Program Files\Android\Android Studio\jre\bin\jimage.dll
0x00007ffd34980000 - 0x00007ffd34998000 	C:\Program Files\Android\Android Studio\jre\bin\zip.dll
0x00007ffd4d0c0000 - 0x00007ffd4d804000 	C:\Windows\System32\SHELL32.dll
0x00007ffd4a260000 - 0x00007ffd4a9f4000 	C:\Windows\SYSTEM32\windows.storage.dll
0x00007ffd4de50000 - 0x00007ffd4e1a4000 	C:\Windows\System32\combase.dll
0x00007ffd4bb20000 - 0x00007ffd4bb4c000 	C:\Windows\SYSTEM32\Wldp.dll
0x00007ffd4db80000 - 0x00007ffd4dc2d000 	C:\Windows\System32\SHCORE.dll
0x00007ffd4da50000 - 0x00007ffd4daa5000 	C:\Windows\System32\shlwapi.dll
0x00007ffd4c0d0000 - 0x00007ffd4c0ef000 	C:\Windows\SYSTEM32\profapi.dll
0x00007ffd2a640000 - 0x00007ffd2a65a000 	C:\Program Files\Android\Android Studio\jre\bin\net.dll
0x00007ffd3c050000 - 0x00007ffd3c159000 	C:\Windows\SYSTEM32\WINHTTP.dll
0x00007ffd4b840000 - 0x00007ffd4b8aa000 	C:\Windows\system32\mswsock.dll
0x00007ffd2a170000 - 0x00007ffd2a184000 	C:\Program Files\Android\Android Studio\jre\bin\nio.dll
0x00007ffd167e0000 - 0x00007ffd16807000 	C:\Users\DELL\.gradle\native\8bec1ad78214c89d9ad589b4d07fe93259594b29d510b10fafb7a158f7737e5d\windows-amd64\native-platform.dll
0x00007ffcfdc50000 - 0x00007ffcfdd8d000 	C:\Users\DELL\.gradle\native\53dbd7edfb1c66fb8903c78663c9afc45aea4f116125fa6feffd364cf09443e8\windows-amd64\native-platform-file-events.dll
0x00007ffd3e0d0000 - 0x00007ffd3e0da000 	C:\Program Files\Android\Android Studio\jre\bin\management.dll
0x00007ffd3ddf0000 - 0x00007ffd3ddfc000 	C:\Program Files\Android\Android Studio\jre\bin\management_ext.dll
0x00007ffd4ba60000 - 0x00007ffd4ba78000 	C:\Windows\SYSTEM32\CRYPTSP.dll
0x00007ffd4b1c0000 - 0x00007ffd4b1f4000 	C:\Windows\system32\rsaenh.dll
0x00007ffd4c220000 - 0x00007ffd4c247000 	C:\Windows\System32\bcrypt.dll
0x00007ffd4c050000 - 0x00007ffd4c07e000 	C:\Windows\SYSTEM32\USERENV.dll
0x00007ffd4ba50000 - 0x00007ffd4ba5c000 	C:\Windows\SYSTEM32\CRYPTBASE.dll
0x00007ffd4b540000 - 0x00007ffd4b57b000 	C:\Windows\SYSTEM32\IPHLPAPI.DLL
0x00007ffd4cfe0000 - 0x00007ffd4cfe8000 	C:\Windows\System32\NSI.dll
0x00007ffd43b80000 - 0x00007ffd43b97000 	C:\Windows\SYSTEM32\dhcpcsvc6.DLL
0x00007ffd40be0000 - 0x00007ffd40bfd000 	C:\Windows\SYSTEM32\dhcpcsvc.DLL
0x00007ffd4b580000 - 0x00007ffd4b64a000 	C:\Windows\SYSTEM32\DNSAPI.dll
0x00007ffd232c0000 - 0x00007ffd232e7000 	C:\Program Files\Android\Android Studio\jre\bin\sunec.dll
0x00007ffd3b4c0000 - 0x00007ffd3b4ca000 	C:\Windows\System32\rasadhlp.dll

dbghelp: loaded successfully - version: 4.0.5 - missing functions: none
symbol engine: initialized successfully - sym options: 0x614 - pdb path: .;C:\Program Files\Android\Android Studio\jre\bin;C:\Windows\SYSTEM32;C:\Windows\WinSxS\amd64_microsoft.windows.common-controls_6595b64144ccf1df_6.0.19041.1110_none_60b5254171f9507e;C:\Program Files\Android\Android Studio\jre\bin\server;C:\Users\DELL\.gradle\native\8bec1ad78214c89d9ad589b4d07fe93259594b29d510b10fafb7a158f7737e5d\windows-amd64;C:\Users\DELL\.gradle\native\53dbd7edfb1c66fb8903c78663c9afc45aea4f116125fa6feffd364cf09443e8\windows-amd64

VM Arguments:
jvm_args: --add-opens=java.base/java.util=ALL-UNNAMED --add-opens=java.base/java.lang=ALL-UNNAMED --add-opens=java.base/java.lang.invoke=ALL-UNNAMED --add-opens=java.base/java.util=ALL-UNNAMED --add-opens=java.prefs/java.util.prefs=ALL-UNNAMED --add-opens=java.prefs/java.util.prefs=ALL-UNNAMED --add-opens=java.base/java.nio.charset=ALL-UNNAMED --add-opens=java.base/java.net=ALL-UNNAMED --add-opens=java.base/java.util.concurrent.atomic=ALL-UNNAMED -Xmx2048m -Dfile.encoding=UTF-8 -Duser.country=IN -Duser.language=en -Duser.variant 
java_command: org.gradle.launcher.daemon.bootstrap.GradleDaemon 7.0.2
java_class_path (initial): C:\Users\DELL\.gradle\wrapper\dists\gradle-7.0.2-bin\857tjihv64xamwrf0h14cai3r\gradle-7.0.2\lib\gradle-launcher-7.0.2.jar
Launcher Type: SUN_STANDARD

[Global flags]
     intx CICompilerCount                          = 3                                         {product} {ergonomic}
     uint ConcGCThreads                            = 1                                         {product} {ergonomic}
     uint G1ConcRefinementThreads                  = 4                                         {product} {ergonomic}
   size_t G1HeapRegionSize                         = 1048576                                   {product} {ergonomic}
    uintx GCDrainStackTargetSize                   = 64                                        {product} {ergonomic}
   size_t InitialHeapSize                          = 58720256                                  {product} {ergonomic}
   size_t MarkStackSize                            = 4194304                                   {product} {ergonomic}
   size_t MaxHeapSize                              = 2147483648                                {product} {command line}
   size_t MaxNewSize                               = 1287651328                                {product} {ergonomic}
   size_t MinHeapDeltaBytes                        = 1048576                                   {product} {ergonomic}
    uintx NonNMethodCodeHeapSize                   = 5830732                                {pd product} {ergonomic}
    uintx NonProfiledCodeHeapSize                  = 122913754                              {pd product} {ergonomic}
    uintx ProfiledCodeHeapSize                     = 122913754                              {pd product} {ergonomic}
    uintx ReservedCodeCacheSize                    = 251658240                              {pd product} {ergonomic}
     bool SegmentedCodeCache                       = true                                      {product} {ergonomic}
     bool UseCompressedClassPointers               = true                                 {lp64_product} {ergonomic}
     bool UseCompressedOops                        = true                                 {lp64_product} {ergonomic}
     bool UseG1GC                                  = true                                      {product} {ergonomic}
     bool UseLargePagesIndividualAllocation        = false                                  {pd product} {ergonomic}

Logging:
Log output configuration:
 #0: stdout all=warning uptime,level,tags
 #1: stderr all=off uptime,level,tags

Environment Variables:
JAVA_HOME=C:\Program Files\Java\jdk-16.0.1
PATH=C:\Program Files\nodejs\;C:\ProgramData\chocolatey\bin;C:\Users\DELL\AppData\Local\Android\Sdk;C:\Program Files\Git\cmd;C:\Users\DELL\src\flutter_windows_2.10.3-stable\flutter\bin;C:\Windows\System32;C:\Windows\System32\WindowsPowerShell\v1.0;C:\Program Files\Java\jdk-16.0.1\bin;C:\Program Files\dotnet\;C:\Users\DELL\AppData\Local\Programs\Python\Python310\Scripts\;C:\Users\DELL\AppData\Local\Programs\Python\Python310\;C:\Program Files\MySQL\MySQL Shell 8.0\bin\;C:\Users\DELL\AppData\Local\Microsoft\WindowsApps;C:\Users\DELL\AppData\Local\Programs\Microsoft VS Code\bin;C:\Users\DELL\AppData\Roaming\npm;C:\Users\DELL\src\flutter_windows_2.10.3-stable\flutter\bin;C:\Windows\System32;C:\Windows\System32\WindowsPowerShell\v1.0;C:\Program Files\Java\jdk-16.0.1\bin;
USERNAME=DELL
OS=Windows_NT
PROCESSOR_IDENTIFIER=AMD64 Family 23 Model 24 Stepping 1, AuthenticAMD



---------------  S Y S T E M  ---------------

OS: Windows 10 , 64 bit Build 19041 (10.0.19041.1566)
OS uptime: 26 days 12:06 hours
Hyper-V role detected

CPU:total 4 (initial active 4) (4 cores per cpu, 2 threads per core) family 23 model 24 stepping 1 microcode 0x0, cmov, cx8, fxsr, mmx, sse, sse2, sse3, ssse3, sse4.1, sse4.2, popcnt, avx, avx2, aes, clmul, mmxext, 3dnowpref, lzcnt, sse4a, ht, tsc, tscinvbit, tscinv, bmi1, bmi2, adx, s

Memory: 4k page, system-wide physical 3470M (134M free)
TotalPageFile size 14222M (AvailPageFile size 155M)
current process WorkingSet (physical memory assigned to process): 508M, peak: 537M
current process commit charge ("private bytes"): 766M, peak: 922M

vm_info: OpenJDK 64-Bit Server VM (11.0.10+0-b96-7249189) for windows-amd64 JRE (11.0.10+0-b96-7249189), built on Mar 31 2021 21:44:00 by "builder" with MS VC++ 14.0 (VS2015)

END.
